2019-06-08 11:47:49,303 [Worker-2: Loading available Gradle versions] INFO  o.e.b.c.i.u.g.PublishedGradleVersions - Gradle version information cache is up-to-date. Trying to read.
2019-06-08 11:49:25,400 [Worker-4: Updating Maven Dependencies] INFO  o.e.m.c.i.l.LifecycleMappingFactory - Using org.eclipse.m2e.jdt.JarLifecycleMapping lifecycle mapping for MavenProject: Selenium:Orangehrm:0.0.1-SNAPSHOT @ G:\Orange-hrm\Orangehrm\pom.xml.
2019-06-08 11:49:25,400 [Worker-6: Building workspace] INFO  o.e.m.c.i.l.LifecycleMappingFactory - Using org.eclipse.m2e.jdt.JarLifecycleMapping lifecycle mapping for MavenProject: Selenium:Orangehrm:0.0.1-SNAPSHOT @ G:\Orange-hrm\Orangehrm\pom.xml.
2019-06-08 11:49:25,888 [Worker-6: Building workspace] WARN  o.e.m.c.i.embedder.EclipseLogger - The POM for commons-logging:commons-logging:jar:1.2 is invalid, transitive dependencies (if any) will not be available, enable debug logging for more details
2019-06-08 11:49:25,891 [Worker-4: Updating Maven Dependencies] WARN  o.e.m.c.i.embedder.EclipseLogger - The POM for commons-logging:commons-logging:jar:1.2 is invalid, transitive dependencies (if any) will not be available, enable debug logging for more details
2019-06-08 11:49:26,774 [Worker-4: Updating Maven Dependencies] WARN  o.e.m.c.i.embedder.EclipseLogger - The POM for org.apache.logging.log4j:log4j-api:jar:2.11.2 is invalid, transitive dependencies (if any) will not be available, enable debug logging for more details
2019-06-08 11:49:26,774 [Worker-6: Building workspace] WARN  o.e.m.c.i.embedder.EclipseLogger - The POM for org.apache.logging.log4j:log4j-api:jar:2.11.2 is invalid, transitive dependencies (if any) will not be available, enable debug logging for more details
2019-06-08 11:49:26,852 [Worker-4: Updating Maven Dependencies] WARN  o.e.m.c.i.embedder.EclipseLogger - The POM for org.apache.logging.log4j:log4j-core:jar:2.11.2 is invalid, transitive dependencies (if any) will not be available, enable debug logging for more details
2019-06-08 11:49:26,852 [Worker-6: Building workspace] WARN  o.e.m.c.i.embedder.EclipseLogger - The POM for org.apache.logging.log4j:log4j-core:jar:2.11.2 is invalid, transitive dependencies (if any) will not be available, enable debug logging for more details
2019-06-08 11:49:30,051 [Worker-6: Building workspace] INFO  o.e.m.c.i.embedder.EclipseLogger - Using 'UTF-8' encoding to copy filtered resources.
2019-06-08 11:49:30,066 [Worker-6: Building workspace] INFO  o.e.m.c.i.embedder.EclipseLogger - skip non existing resourceDirectory G:\Orange-hrm\Orangehrm\src\main\resources
2019-06-08 11:49:30,066 [Worker-6: Building workspace] INFO  o.e.m.c.i.embedder.EclipseLogger - Using 'UTF-8' encoding to copy filtered resources.
2019-06-08 11:49:30,066 [Worker-6: Building workspace] INFO  o.e.m.c.i.embedder.EclipseLogger - skip non existing resourceDirectory G:\Orange-hrm\Orangehrm\src\test\resources
2019-06-08 11:49:33,933 [Worker-1: Updating Maven Dependencies] INFO  o.e.m.c.i.l.LifecycleMappingFactory - Using org.eclipse.m2e.jdt.JarLifecycleMapping lifecycle mapping for MavenProject: Selenium:Orangehrm:0.0.1-SNAPSHOT @ G:\Orange-hrm\Orangehrm\pom.xml.
2019-06-08 11:49:34,428 [Worker-1: Updating Maven Dependencies] WARN  o.e.m.c.i.embedder.EclipseLogger - The POM for commons-logging:commons-logging:jar:1.2 is invalid, transitive dependencies (if any) will not be available, enable debug logging for more details
2019-06-08 11:49:35,004 [Worker-1: Updating Maven Dependencies] WARN  o.e.m.c.i.embedder.EclipseLogger - The POM for org.apache.logging.log4j:log4j-api:jar:2.11.2 is invalid, transitive dependencies (if any) will not be available, enable debug logging for more details
2019-06-08 11:49:35,051 [Worker-1: Updating Maven Dependencies] WARN  o.e.m.c.i.embedder.EclipseLogger - The POM for org.apache.logging.log4j:log4j-core:jar:2.11.2 is invalid, transitive dependencies (if any) will not be available, enable debug logging for more details
2019-06-08 11:49:36,274 [Worker-7: Building workspace] WARN  o.e.m.c.i.embedder.EclipseLogger - The POM for commons-logging:commons-logging:jar:1.2 is invalid, transitive dependencies (if any) will not be available, enable debug logging for more details
2019-06-08 11:49:36,419 [Worker-7: Building workspace] WARN  o.e.m.c.i.embedder.EclipseLogger - The POM for org.apache.logging.log4j:log4j-api:jar:2.11.2 is invalid, transitive dependencies (if any) will not be available, enable debug logging for more details
2019-06-08 11:49:36,432 [Worker-7: Building workspace] WARN  o.e.m.c.i.embedder.EclipseLogger - The POM for org.apache.logging.log4j:log4j-core:jar:2.11.2 is invalid, transitive dependencies (if any) will not be available, enable debug logging for more details
2019-06-08 11:49:38,097 [Worker-7: Building workspace] INFO  o.e.m.c.i.embedder.EclipseLogger - Using 'UTF-8' encoding to copy filtered resources.
2019-06-08 11:49:38,097 [Worker-7: Building workspace] INFO  o.e.m.c.i.embedder.EclipseLogger - skip non existing resourceDirectory G:\Orange-hrm\Orangehrm\src\main\resources
2019-06-08 11:49:38,100 [Worker-7: Building workspace] INFO  o.e.m.c.i.embedder.EclipseLogger - Using 'UTF-8' encoding to copy filtered resources.
2019-06-08 11:49:38,101 [Worker-7: Building workspace] INFO  o.e.m.c.i.embedder.EclipseLogger - skip non existing resourceDirectory G:\Orange-hrm\Orangehrm\src\test\resources
2019-06-08 11:50:58,662 [Worker-2: reload maven project] WARN  o.e.m.c.i.embedder.EclipseLogger - The POM for commons-logging:commons-logging:jar:1.2 is invalid, transitive dependencies (if any) will not be available, enable debug logging for more details
2019-06-08 11:50:58,958 [Worker-2: reload maven project] WARN  o.e.m.c.i.embedder.EclipseLogger - The POM for org.apache.logging.log4j:log4j-api:jar:2.11.2 is invalid, transitive dependencies (if any) will not be available, enable debug logging for more details
2019-06-08 11:50:58,989 [Worker-2: reload maven project] WARN  o.e.m.c.i.embedder.EclipseLogger - The POM for org.apache.logging.log4j:log4j-core:jar:2.11.2 is invalid, transitive dependencies (if any) will not be available, enable debug logging for more details
2019-06-08 11:50:59,349 [Worker-2: reload maven project] WARN  o.e.m.c.i.embedder.EclipseLogger - The POM for commons-logging:commons-logging:jar:1.2 is invalid, transitive dependencies (if any) will not be available, enable debug logging for more details
2019-06-08 11:50:59,395 [Worker-2: reload maven project] WARN  o.e.m.c.i.embedder.EclipseLogger - The POM for org.apache.logging.log4j:log4j-api:jar:2.11.2 is invalid, transitive dependencies (if any) will not be available, enable debug logging for more details
2019-06-08 11:50:59,405 [Worker-2: reload maven project] WARN  o.e.m.c.i.embedder.EclipseLogger - The POM for org.apache.logging.log4j:log4j-core:jar:2.11.2 is invalid, transitive dependencies (if any) will not be available, enable debug logging for more details
2019-06-08 11:55:02,362 [Worker-9: reload maven project] INFO  o.e.m.c.i.e.AbstractTransferListenerAdapter - Downloaded https://repo.maven.apache.org/maven2/javax/validation/validation-api/1.1.0.FINAL/validation-api-1.1.0.FINAL.pom
2019-06-08 11:55:02,378 [Worker-9: reload maven project] WARN  o.e.m.c.i.embedder.EclipseLogger - The POM for javax.validation:validation-api:jar:1.1.0.FINAL is missing, no dependency information available
2019-06-08 11:55:03,596 [Worker-9: reload maven project] WARN  o.e.m.c.i.embedder.EclipseLogger - The POM for commons-logging:commons-logging:jar:1.2 is invalid, transitive dependencies (if any) will not be available, enable debug logging for more details
2019-06-08 11:55:04,023 [Worker-9: reload maven project] WARN  o.e.m.c.i.embedder.EclipseLogger - The POM for org.apache.logging.log4j:log4j-api:jar:2.11.2 is invalid, transitive dependencies (if any) will not be available, enable debug logging for more details
2019-06-08 11:55:04,120 [Worker-9: reload maven project] WARN  o.e.m.c.i.embedder.EclipseLogger - The POM for org.apache.logging.log4j:log4j-core:jar:2.11.2 is invalid, transitive dependencies (if any) will not be available, enable debug logging for more details
2019-06-08 11:55:04,600 [Worker-9: reload maven project] WARN  o.e.m.c.i.embedder.EclipseLogger - The POM for javax.validation:validation-api:jar:1.1.0.FINAL is missing, no dependency information available
2019-06-08 11:55:04,682 [Worker-9: reload maven project] WARN  o.e.m.c.i.embedder.EclipseLogger - The POM for commons-logging:commons-logging:jar:1.2 is invalid, transitive dependencies (if any) will not be available, enable debug logging for more details
2019-06-08 11:55:04,715 [Worker-9: reload maven project] WARN  o.e.m.c.i.embedder.EclipseLogger - The POM for org.apache.logging.log4j:log4j-api:jar:2.11.2 is invalid, transitive dependencies (if any) will not be available, enable debug logging for more details
2019-06-08 11:55:04,722 [Worker-9: reload maven project] WARN  o.e.m.c.i.embedder.EclipseLogger - The POM for org.apache.logging.log4j:log4j-core:jar:2.11.2 is invalid, transitive dependencies (if any) will not be available, enable debug logging for more details
2019-06-08 11:55:09,286 [Worker-1: Building workspace] INFO  o.e.m.c.i.l.LifecycleMappingFactory - Using org.eclipse.m2e.jdt.JarLifecycleMapping lifecycle mapping for MavenProject: Selenium:Orangehrm:0.0.1-SNAPSHOT @ G:\Orange-hrm\Orangehrm\pom.xml.
2019-06-08 11:55:09,302 [Worker-1: Building workspace] WARN  o.e.m.c.i.embedder.EclipseLogger - The POM for javax.validation:validation-api:jar:1.1.0.FINAL is missing, no dependency information available
2019-06-08 11:55:09,333 [Worker-1: Building workspace] WARN  o.e.m.c.i.embedder.EclipseLogger - The POM for commons-logging:commons-logging:jar:1.2 is invalid, transitive dependencies (if any) will not be available, enable debug logging for more details
2019-06-08 11:55:09,349 [Worker-1: Building workspace] WARN  o.e.m.c.i.embedder.EclipseLogger - The POM for org.apache.logging.log4j:log4j-api:jar:2.11.2 is invalid, transitive dependencies (if any) will not be available, enable debug logging for more details
2019-06-08 11:55:09,364 [Worker-1: Building workspace] WARN  o.e.m.c.i.embedder.EclipseLogger - The POM for org.apache.logging.log4j:log4j-core:jar:2.11.2 is invalid, transitive dependencies (if any) will not be available, enable debug logging for more details
2019-06-08 11:55:09,990 [Worker-1: Building workspace] INFO  o.e.m.c.i.embedder.EclipseLogger - Using 'UTF-8' encoding to copy filtered resources.
2019-06-08 11:55:09,990 [Worker-1: Building workspace] INFO  o.e.m.c.i.embedder.EclipseLogger - skip non existing resourceDirectory G:\Orange-hrm\Orangehrm\src\main\resources
2019-06-08 11:55:09,993 [Worker-1: Building workspace] INFO  o.e.m.c.i.embedder.EclipseLogger - Using 'UTF-8' encoding to copy filtered resources.
2019-06-08 11:55:09,993 [Worker-1: Building workspace] INFO  o.e.m.c.i.embedder.EclipseLogger - skip non existing resourceDirectory G:\Orange-hrm\Orangehrm\src\test\resources
2019-06-08 11:55:10,517 [Worker-12: Download sources and javadoc] WARN  o.e.m.c.i.embedder.EclipseLogger - The POM for javax.validation:validation-api:jar:1.1.0.FINAL is missing, no dependency information available
2019-06-08 11:55:10,569 [Worker-12: Download sources and javadoc] WARN  o.e.m.c.i.embedder.EclipseLogger - The POM for commons-logging:commons-logging:jar:1.2 is invalid, transitive dependencies (if any) will not be available, enable debug logging for more details
2019-06-08 11:55:10,605 [Worker-12: Download sources and javadoc] WARN  o.e.m.c.i.embedder.EclipseLogger - The POM for org.apache.logging.log4j:log4j-api:jar:2.11.2 is invalid, transitive dependencies (if any) will not be available, enable debug logging for more details
2019-06-08 11:55:10,621 [Worker-12: Download sources and javadoc] WARN  o.e.m.c.i.embedder.EclipseLogger - The POM for org.apache.logging.log4j:log4j-core:jar:2.11.2 is invalid, transitive dependencies (if any) will not be available, enable debug logging for more details
2019-06-08 11:55:11,781 [Worker-12: Download sources and javadoc] INFO  o.e.m.c.i.e.AbstractTransferListenerAdapter - Downloaded https://repo.maven.apache.org/maven2/javax/validation/validation-api/1.1.0.FINAL/validation-api-1.1.0.FINAL-sources.jar
2019-06-08 11:55:12,281 [Worker-12: Download sources and javadoc] ERROR o.e.m.j.internal.DownloadSourcesJob - Could not download sources for javax.validation:validation-api:1.1.0.FINAL
org.eclipse.core.runtime.CoreException: Could not resolve artifact javax.validation:validation-api:jar:sources:1.1.0.FINAL
	at org.eclipse.m2e.core.internal.embedder.MavenImpl.lambda$4(MavenImpl.java:763) [org.eclipse.m2e.core_1.10.0.20181127-2120.jar:na]
	at org.eclipse.m2e.core.internal.embedder.MavenExecutionContext.executeBare(MavenExecutionContext.java:177) [org.eclipse.m2e.core_1.10.0.20181127-2120.jar:na]
	at org.eclipse.m2e.core.internal.embedder.MavenExecutionContext.execute(MavenExecutionContext.java:112) [org.eclipse.m2e.core_1.10.0.20181127-2120.jar:na]
	at org.eclipse.m2e.core.internal.embedder.MavenExecutionContext.execute(MavenExecutionContext.java:99) [org.eclipse.m2e.core_1.10.0.20181127-2120.jar:na]
	at org.eclipse.m2e.core.internal.embedder.MavenImpl.resolve(MavenImpl.java:731) [org.eclipse.m2e.core_1.10.0.20181127-2120.jar:na]
	at org.eclipse.m2e.core.internal.embedder.MavenImpl.resolve(MavenImpl.java:708) [org.eclipse.m2e.core_1.10.0.20181127-2120.jar:na]
	at org.eclipse.m2e.jdt.internal.DownloadSourcesJob.download(DownloadSourcesJob.java:279) [org.eclipse.m2e.jdt_1.10.0.20181127-2120.jar:na]
	at org.eclipse.m2e.jdt.internal.DownloadSourcesJob.downloadAttachments(DownloadSourcesJob.java:254) [org.eclipse.m2e.jdt_1.10.0.20181127-2120.jar:na]
	at org.eclipse.m2e.jdt.internal.DownloadSourcesJob.downloadMaven(DownloadSourcesJob.java:221) [org.eclipse.m2e.jdt_1.10.0.20181127-2120.jar:na]
	at org.eclipse.m2e.jdt.internal.DownloadSourcesJob.run(DownloadSourcesJob.java:161) [org.eclipse.m2e.jdt_1.10.0.20181127-2120.jar:na]
	at org.eclipse.m2e.jdt.internal.DownloadSourcesJob$1.call(DownloadSourcesJob.java:137) [org.eclipse.m2e.jdt_1.10.0.20181127-2120.jar:na]
	at org.eclipse.m2e.jdt.internal.DownloadSourcesJob$1.call(DownloadSourcesJob.java:1) [org.eclipse.m2e.jdt_1.10.0.20181127-2120.jar:na]
	at org.eclipse.m2e.core.internal.embedder.MavenExecutionContext.executeBare(MavenExecutionContext.java:177) [org.eclipse.m2e.core_1.10.0.20181127-2120.jar:na]
	at org.eclipse.m2e.core.internal.embedder.MavenExecutionContext.execute(MavenExecutionContext.java:151) [org.eclipse.m2e.core_1.10.0.20181127-2120.jar:na]
	at org.eclipse.m2e.core.internal.embedder.MavenExecutionContext.execute(MavenExecutionContext.java:99) [org.eclipse.m2e.core_1.10.0.20181127-2120.jar:na]
	at org.eclipse.m2e.core.internal.embedder.MavenImpl.execute(MavenImpl.java:1336) [org.eclipse.m2e.core_1.10.0.20181127-2120.jar:na]
	at org.eclipse.m2e.jdt.internal.DownloadSourcesJob.run(DownloadSourcesJob.java:135) [org.eclipse.m2e.jdt_1.10.0.20181127-2120.jar:na]
	at org.eclipse.core.internal.jobs.Worker.run(Worker.java:63) [org.eclipse.core.jobs_3.10.200.v20180912-1356.jar:na]
