2019-06-03 17:50:23.669 [      main]TRACE                          - Initializing the log file in before suit.
2019-06-03 17:50:23.686 [      main]TRACE                          - beforeTest annotation is being executed for the test : ChromeTest
2019-06-03 17:50:23.702 [      main]TRACE                          - Enviroment taken as : qa
2019-06-03 17:50:23.702 [      main]TRACE                          - Enviroment file taken  as : D:\Users\SURESH\eclipse-workspace\reports\sampleproject\Config\Config_qa.properties
2019-06-03 17:50:23.717 [      main]TRACE                          - Executing the test case : CE_003_pim_CreateANewEmployee_custom_empId
2019-06-03 17:50:23.717 [      main]TRACE                          - Entering into the method launchApplication with browser : chromeurl : https://opensource-demo.orangehrmlive.com
2019-06-03 17:50:27.711 [      main]INFO                           - browser launched.
2019-06-03 17:50:34.538 [      main]INFO                           - navigated to https://opensource-demo.orangehrmlive.com
2019-06-03 17:50:34.538 [      main]INFO                           - verifying application launch is success or not.
2019-06-03 17:50:35.092 [      main]TRACE                          - Launch Application is executed successfully.
2019-06-03 17:50:35.864 [      main]INFO                           - Entering the value : admin into the object : By.xpath: //input[@id='txtUsername']
2019-06-03 17:50:36.176 [      main]INFO                           - Entering the value : admin123 into the object : By.id: txtPassword
2019-06-03 17:50:48.861 [      main]TRACE                          - Entering into method : enter_employee_details
2019-06-03 17:50:48.861 [      main]INFO                           - Entering the value : David into the object : By.id: firstName
2019-06-03 17:50:49.216 [      main]INFO                           - Entering the value : dsadsa into the object : By.id: middleName
2019-06-03 17:50:49.536 [      main]INFO                           - Entering the value : Warner into the object : By.id: lastName
2019-06-03 17:50:49.864 [      main]INFO                           - Entering the value : e1213 into the object : By.id: employeeId
2019-06-03 17:50:50.096 [      main]TRACE                          - Completed the method : enter_employee_details
2019-06-03 17:50:53.626 [      main]INFO                           - Entering the value : OS0932DA32 into the object : By.id: personal_txtLicenNo
2019-06-03 17:51:14.180 [      main]TRACE                          - Completed the test case : CE_003_pim_CreateANewEmployee_custom_empId
2019-06-03 17:51:14.837 [      main]TRACE                          - Execution has been completed.
