2019-06-04 22:59:43.433 [      main]TRACE                          - Initializing the log file in before suit.
2019-06-04 22:59:43.519 [      main]TRACE                          - beforeTest annotation is being executed for the test : Default test
2019-06-04 22:59:43.581 [      main]TRACE                          - Enviroment taken as : qa
2019-06-04 22:59:43.581 [      main]TRACE                          - Enviroment file taken  as : E:\Orange_Hrm_Project\sampleproject\Config\Config_qa.properties
2019-06-04 22:59:43.613 [      main]TRACE                          - Executing the test case : RE_001_Rectruitment_Add_Candidate
2019-06-04 22:59:43.675 [      main]TRACE                          - Entering into the method launchApplication with browser : chromeurl : https://opensource-demo.orangehrmlive.com
2019-06-04 22:59:59.244 [      main]INFO                           - browser launched.
2019-06-04 23:00:05.560 [      main]INFO                           - navigated to https://opensource-demo.orangehrmlive.com
2019-06-04 23:00:05.560 [      main]INFO                           - verifying application launch is success or not.
2019-06-04 23:00:06.793 [      main]TRACE                          - Launch Application is executed successfully.
2019-06-04 23:00:06.830 [      main]TRACE                          - Executing Business Flow for: RE_001_Rectruitment_Add_Candidate
2019-06-04 23:00:06.928 [      main]TRACE                          - Entering into the Getting Workbook
2019-06-04 23:00:12.813 [      main]INFO                           - Succesfully found File: E:\Orange_Hrm_Project\sampleproject\TestData\pim.xlsx
2019-06-04 23:00:12.814 [      main]INFO                           - File Exist
2019-06-04 23:00:12.814 [      main]TRACE                          - Succesfully get the Workbook Data
2019-06-04 23:00:12.854 [      main]INFO                           - Entering the value : admin into the object : By.xpath: //input[@id='txtUsername']
2019-06-04 23:00:13.341 [      main]INFO                           - Entering the value : admin123 into the object : By.id: txtPassword
2019-06-04 23:00:19.455 [      main]TRACE                          - Entering into the Recruitment Page
2019-06-04 23:00:22.176 [      main]TRACE                          - Clicking on Add Candidate Link
2019-06-04 23:00:23.420 [      main]TRACE                          - Clicked on Add Link
2019-06-04 23:00:23.421 [      main]TRACE                          - Succesfully Navigated to Add Candidate Page
2019-06-04 23:00:23.562 [      main]INFO                           - Entering into the method :  Entering_Candidate_Details
2019-06-04 23:00:23.564 [      main]INFO                           - Entering the value : SAIKIRAN into the object : By.id: addCandidate_firstName
2019-06-04 23:00:24.216 [      main]INFO                           - Entering the value : KIRAN into the object : By.id: addCandidate_lastName
2019-06-04 23:00:24.792 [      main]INFO                           - Entering the value : SAIKIRAN.123@GMAIL.COM into the object : By.id: addCandidate_email
2019-06-04 23:00:25.661 [      main]INFO                           - Entering the value : SELENIUM into the object : By.id: addCandidate_keyWords
2019-06-04 23:00:26.285 [      main]TRACE                          - entered into method : selectCheckbox and locator taken as By.id: addCandidate_consentToKeepData
2019-06-04 23:00:28.941 [      main]TRACE                          - Completed the test case : RE_001_Rectruitment_Add_Candidate
2019-06-04 23:00:33.451 [      main]TRACE                          - Execution has been completed.
