2019-06-06 19:50:19.496 [      main]TRACE                          - Initializing the log file in before suit.
2019-06-06 19:50:19.531 [      main]TRACE                          - beforeTest annotation is being executed for the test : Default test
2019-06-06 19:50:19.566 [      main]TRACE                          - Enviroment taken as : qa
2019-06-06 19:50:19.566 [      main]TRACE                          - Enviroment file taken  as : E:\Orange_Hrm_Project\sampleproject\Config\Config_qa.properties
2019-06-06 19:50:19.606 [      main]TRACE                          - Executing the test case : AL_001_DashBoard_Assign_Leave
2019-06-06 19:50:19.631 [      main]TRACE                          - Entering into the method launchApplication with browser : chromeurl : https://opensource-demo.orangehrmlive.com
2019-06-06 19:50:35.699 [      main]INFO                           - browser launched.
2019-06-06 19:50:43.524 [      main]INFO                           - navigated to https://opensource-demo.orangehrmlive.com
2019-06-06 19:50:43.525 [      main]INFO                           - verifying application launch is success or not.
2019-06-06 19:50:44.898 [      main]TRACE                          - Launch Application is executed successfully.
2019-06-06 19:50:44.923 [      main]TRACE                          - Executing Business Flow For: AL_001_DashBoard_Assign_Leave
2019-06-06 19:50:45.028 [      main]TRACE                          - Entering into the Getting Workbook
2019-06-06 19:50:51.551 [      main]INFO                           - Succesfully found File: E:\Orange_Hrm_Project\sampleproject\TestData\pim.xlsx
2019-06-06 19:50:51.552 [      main]INFO                           - File Exist
2019-06-06 19:50:51.552 [      main]TRACE                          - Succesfully get the Workbook Data
2019-06-06 19:50:51.661 [      main]INFO                           - Entering the value : admin into the object : By.xpath: //input[@id='txtUsername']
2019-06-06 19:50:52.421 [      main]INFO                           - Entering the value : admin123 into the object : By.id: txtPassword
2019-06-06 19:51:00.320 [      main]TRACE                          - Navigating to the assign Leave Page
2019-06-06 19:51:03.633 [      main]INFO                           - Succesfully Navigated to the Assign Leave 
2019-06-06 19:51:03.634 [      main]TRACE                          - Entering Leave Details
2019-06-06 19:51:03.635 [      main]INFO                           - Entering the value : John Smith into the object : By.id: assignleave_txtEmployee_empName
2019-06-06 19:51:07.035 [      main]TRACE                          - Select Calendar with date : 23-06-2019
2019-06-06 19:51:16.482 [      main]TRACE                          - Date has been selected successfully.
2019-06-06 19:51:17.012 [      main]TRACE                          - Select Calendar with date : 25-06-2019
2019-06-06 19:51:25.449 [      main]TRACE                          - Date has been selected successfully.
2019-06-06 19:51:27.915 [      main]TRACE                          - Completed the test case : AL_001_DashBoard_Assign_Leave
2019-06-06 19:51:35.664 [      main]TRACE                          - Execution has been completed.
