2019-06-04 21:19:42.326 [      main]TRACE                          - Initializing the log file in before suit.
2019-06-04 21:19:42.354 [      main]TRACE                          - beforeTest annotation is being executed for the test : Default test
2019-06-04 21:19:42.393 [      main]TRACE                          - Enviroment taken as : qa
2019-06-04 21:19:42.394 [      main]TRACE                          - Enviroment file taken  as : E:\Orange_Hrm_Project\sampleproject\Config\Config_qa.properties
2019-06-04 21:19:42.452 [      main]TRACE                          - Executing the test case : RE_001_Rectruitment_Add_Candidate
2019-06-04 21:19:42.482 [      main]TRACE                          - Entering into the method launchApplication with browser : chromeurl : https://opensource-demo.orangehrmlive.com
2019-06-04 21:19:58.775 [      main]INFO                           - browser launched.
2019-06-04 21:20:05.945 [      main]INFO                           - navigated to https://opensource-demo.orangehrmlive.com
2019-06-04 21:20:05.946 [      main]INFO                           - verifying application launch is success or not.
2019-06-04 21:20:07.853 [      main]TRACE                          - Launch Application is executed successfully.
2019-06-04 21:20:07.889 [      main]TRACE                          - Executing Business Flow for: RE_001_Rectruitment_Add_Candidate
2019-06-04 21:20:07.905 [      main]TRACE                          - Entering into the Getting Workbook
2019-06-04 21:20:07.920 [      main]INFO                           - Entering the value : admin into the object : By.xpath: //input[@id='txtUsername']
2019-06-04 21:20:08.531 [      main]INFO                           - Entering the value : admin123 into the object : By.id: txtPassword
2019-06-04 21:20:14.515 [      main]TRACE                          - Entering into the Recruitment Page
2019-06-04 21:20:18.113 [      main]TRACE                          - Clicking on Add Candidate Link
2019-06-04 21:20:19.480 [      main]TRACE                          - Clicked on Add Link
2019-06-04 21:20:19.481 [      main]TRACE                          - Succesfully Navigated to Add Candidate Page
2019-06-04 21:20:19.698 [      main]TRACE                          - Completed the test case : RE_001_Rectruitment_Add_Candidate
2019-06-04 21:20:25.607 [      main]TRACE                          - Execution has been completed.
