2019-06-05 00:43:33.023 [      main]TRACE                          - Initializing the log file in before suit.
2019-06-05 00:43:33.053 [      main]TRACE                          - beforeTest annotation is being executed for the test : Default test
2019-06-05 00:43:33.109 [      main]TRACE                          - Enviroment taken as : qa
2019-06-05 00:43:33.110 [      main]TRACE                          - Enviroment file taken  as : E:\Orange_Hrm_Project\sampleproject\Config\Config_qa.properties
2019-06-05 00:43:33.165 [      main]TRACE                          - Executing the test case : RE_001_Rectruitment_Job_Vacancy
2019-06-05 00:43:33.195 [      main]TRACE                          - Entering into the method launchApplication with browser : chromeurl : https://opensource-demo.orangehrmlive.com
2019-06-05 00:43:46.368 [      main]INFO                           - browser launched.
2019-06-05 00:43:52.751 [      main]INFO                           - navigated to https://opensource-demo.orangehrmlive.com
2019-06-05 00:43:52.752 [      main]INFO                           - verifying application launch is success or not.
2019-06-05 00:43:53.605 [      main]TRACE                          - Launch Application is executed successfully.
2019-06-05 00:43:53.621 [      main]TRACE                          - Executing Business Flow For: 001_Rectruitment_Job_Vacancy
2019-06-05 00:43:53.652 [      main]TRACE                          - Entering into the Getting Workbook
2019-06-05 00:43:57.997 [      main]INFO                           - Succesfully found File: E:\Orange_Hrm_Project\sampleproject\TestData.\pim.xlsx
2019-06-05 00:43:57.998 [      main]INFO                           - File Exist
2019-06-05 00:43:57.998 [      main]TRACE                          - Succesfully get the Workbook Data
2019-06-05 00:43:58.077 [      main]INFO                           - Entering the value : admin into the object : By.xpath: //input[@id='txtUsername']
2019-06-05 00:43:58.529 [      main]INFO                           - Entering the value : admin123 into the object : By.id: txtPassword
2019-06-05 00:44:04.639 [      main]TRACE                          - Entering into the Recruitment Page
2019-06-05 00:44:06.893 [      main]INFO                           - Clicking on Job Vacancies 
2019-06-05 00:44:27.338 [      main]TRACE                          - Completed the test case : RE_001_Rectruitment_Job_Vacancy
2019-06-05 00:44:34.990 [      main]TRACE                          - Execution has been completed.
