2019-06-03 18:19:24.728 [      main]TRACE                          - Initializing the log file in before suit.
2019-06-03 18:19:24.736 [      main]TRACE                          - beforeTest annotation is being executed for the test : ChromeTest
2019-06-03 18:19:24.736 [      main]TRACE                          - Enviroment taken as : qa
2019-06-03 18:19:24.736 [      main]TRACE                          - Enviroment file taken  as : D:\Users\SURESH\eclipse-workspace\reports\sampleproject\Config\Config_qa.properties
2019-06-03 18:19:24.751 [      main]TRACE                          - Executing the test case : CE_003_pim_CreateANewEmployee_custom_empId
2019-06-03 18:19:24.767 [      main]TRACE                          - Entering into the method launchApplication with browser : chromeurl : https://opensource-demo.orangehrmlive.com
2019-06-03 18:19:28.963 [      main]INFO                           - browser launched.
2019-06-03 18:19:34.761 [      main]INFO                           - navigated to https://opensource-demo.orangehrmlive.com
2019-06-03 18:19:34.761 [      main]INFO                           - verifying application launch is success or not.
2019-06-03 18:19:35.332 [      main]TRACE                          - Launch Application is executed successfully.
2019-06-03 18:19:36.303 [      main]INFO                           - Entering the value : admin into the object : By.xpath: //input[@id='txtUsername']
2019-06-03 18:19:36.611 [      main]INFO                           - Entering the value : admin123 into the object : By.id: txtPassword
2019-06-03 18:19:48.691 [      main]TRACE                          - Entering into method : enter_employee_details
2019-06-03 18:19:48.691 [      main]INFO                           - Entering the value : David into the object : By.id: firstName
2019-06-03 18:19:48.940 [      main]INFO                           - Entering the value : dsadsa into the object : By.id: middleName
2019-06-03 18:19:49.299 [      main]INFO                           - Entering the value : Warner into the object : By.id: lastName
2019-06-03 18:19:49.727 [      main]INFO                           - Entering the value : e1216 into the object : By.id: employeeId
2019-06-03 18:19:49.966 [      main]TRACE                          - Completed the method : enter_employee_details
2019-06-03 18:19:53.395 [      main]INFO                           - Entering the value : OS0932DA32 into the object : By.id: personal_txtLicenNo
2019-06-03 18:19:53.911 [      main]TRACE                          - Select Calendar with date : 15-06-2023
2019-06-03 18:19:57.790 [      main]TRACE                          - Date has been selected successfully.
2019-06-03 18:19:57.792 [      main]TRACE                          - Completed the test case : CE_003_pim_CreateANewEmployee_custom_empId
2019-06-03 18:19:58.408 [      main]TRACE                          - Execution has been completed.
