2019-06-11 13:34:27.001 [      main]TRACE                          - Initializing the log file in before suit.
2019-06-11 13:34:27.017 [      main]TRACE                          - beforeTest annotation is being executed for the test : ChromeTest
2019-06-11 13:34:27.017 [      main]TRACE                          - Enviroment taken as : qa
2019-06-11 13:34:27.017 [      main]TRACE                          - Enviroment file taken  as : F:\Dummy\sampleproject\Config\Config_qa.properties
2019-06-11 13:34:27.033 [      main]TRACE                          - Executing the test case : CE_001_crm_CreateANewCompany
2019-06-11 13:34:27.048 [      main]TRACE                          - Entering into the method launchApplication with browser : chromeurl : https://www.crmpro.com/index.html
2019-06-11 13:34:30.862 [      main]INFO                           - browser launched.
2019-06-11 13:34:37.120 [      main]INFO                           - navigated to https://www.crmpro.com/index.html
2019-06-11 13:34:37.121 [      main]INFO                           - verifying application launch is success or not.
2019-06-11 13:34:37.600 [      main]TRACE                          - Launch Application is executed successfully.
2019-06-11 13:34:37.606 [      main]INFO                           - Executing the business flow for : CE_001_crm_CreateANewCompany
2019-06-11 13:34:37.609 [      main]TRACE                          - Entering into the Getting Workbook
2019-06-11 13:34:38.566 [      main]INFO                           - Succesfully found File: F:\Dummy\sampleproject\TestData\company.xlsx
2019-06-11 13:34:38.567 [      main]INFO                           - File Exist
2019-06-11 13:34:38.567 [      main]TRACE                          - Succesfully get the Workbook Data
2019-06-11 13:34:38.597 [      main]INFO                           - Entering the value : sathyamsekhar493 into the object : By.name: username
2019-06-11 13:34:39.204 [      main]INFO                           - Entering the value : soma1995 into the object : By.name: password
2019-06-11 13:35:06.892 [      main]TRACE                          - Entering into method : enter_employee_details
2019-06-11 13:35:06.892 [      main]INFO                           - Entering the value : Test into the object : By.id: company_name
2019-06-11 13:35:07.086 [      main]INFO                           - Entering the value : IT into the object : By.name: industry
2019-06-11 13:35:07.253 [      main]INFO                           - Entering the value : 60000.0 into the object : By.id: annual_revenue
2019-06-11 13:35:07.476 [      main]INFO                           - Entering the value : 50.0 into the object : By.id: num_of_employees
2019-06-11 13:35:07.632 [      main]INFO                           - Entering the value : 9.87456231E9 into the object : By.name: phone
2019-06-11 13:35:08.651 [      main]INFO                           - Entering the value : test@it.com into the object : By.id: email
2019-06-11 13:35:08.886 [      main]INFO                           - Entering the value : Home into the object : By.name: address_title
2019-06-11 13:35:09.237 [      main]INFO                           - Entering the value : h no 49-1a-254, aicobo nagar into the object : By.name: address
2019-06-11 13:35:09.517 [      main]INFO                           - Entering the value : banglore into the object : By.name: city
2019-06-11 13:35:09.707 [      main]INFO                           - Entering the value : karnataka into the object : By.name: state
2019-06-11 13:35:09.927 [      main]INFO                           - Entering the value : 500068.0 into the object : By.name: postcode
2019-06-11 13:35:10.101 [      main]INFO                           - Entering the value : India into the object : By.name: country
2019-06-11 13:35:10.273 [      main]TRACE                          - Completed the method : enter_employee_details
2019-06-11 13:35:10.285 [      main]TRACE                          - Completed the test case : CE_001_crm_CreateANewCompany
2019-06-11 13:35:10.889 [      main]TRACE                          - Execution has been completed.
