2019-06-05 00:48:54.965 [      main]TRACE                          - Initializing the log file in before suit.
2019-06-05 00:48:54.994 [      main]TRACE                          - beforeTest annotation is being executed for the test : Default test
2019-06-05 00:48:55.019 [      main]TRACE                          - Enviroment taken as : qa
2019-06-05 00:48:55.020 [      main]TRACE                          - Enviroment file taken  as : E:\Orange_Hrm_Project\sampleproject\Config\Config_qa.properties
2019-06-05 00:48:55.054 [      main]TRACE                          - Executing the test case : RE_001_Rectruitment_Job_Vacancy
2019-06-05 00:48:55.068 [      main]TRACE                          - Entering into the method launchApplication with browser : chromeurl : https://opensource-demo.orangehrmlive.com
2019-06-05 00:49:04.998 [      main]INFO                           - browser launched.
2019-06-05 00:49:10.634 [      main]INFO                           - navigated to https://opensource-demo.orangehrmlive.com
2019-06-05 00:49:10.634 [      main]INFO                           - verifying application launch is success or not.
2019-06-05 00:49:11.551 [      main]TRACE                          - Launch Application is executed successfully.
2019-06-05 00:49:11.569 [      main]TRACE                          - Executing Business Flow For: 001_Rectruitment_Job_Vacancy
2019-06-05 00:49:11.592 [      main]TRACE                          - Entering into the Getting Workbook
2019-06-05 00:49:14.171 [      main]INFO                           - Succesfully found File: E:\Orange_Hrm_Project\sampleproject\TestData.\pim.xlsx
2019-06-05 00:49:14.172 [      main]INFO                           - File Exist
2019-06-05 00:49:14.172 [      main]TRACE                          - Succesfully get the Workbook Data
2019-06-05 00:49:14.216 [      main]INFO                           - Entering the value : admin into the object : By.xpath: //input[@id='txtUsername']
2019-06-05 00:49:14.683 [      main]INFO                           - Entering the value : admin123 into the object : By.id: txtPassword
2019-06-05 00:49:20.502 [      main]TRACE                          - Entering into the Recruitment Page
2019-06-05 00:49:22.594 [      main]INFO                           - Clicking on Job Vacancies 
2019-06-05 00:49:25.230 [      main]INFO                           - Succesfully Clicked on Vacancy List and Add Link
2019-06-05 00:49:25.361 [      main]INFO                           - succesfully Navigated to the Job Vacancy Page
2019-06-05 00:49:25.362 [      main]INFO                           - Navigating into the Vacancy Job List
2019-06-05 00:49:25.396 [      main]INFO                           - Entering into the Method: Entering_Job_Vacancy_Details
2019-06-05 00:49:26.581 [      main]TRACE                          - Completed the test case : RE_001_Rectruitment_Job_Vacancy
2019-06-05 00:49:29.884 [      main]TRACE                          - Execution has been completed.
