2019-06-03 18:28:01.580 [      main]TRACE                          - Initializing the log file in before suit.
2019-06-03 18:28:01.587 [      main]TRACE                          - beforeTest annotation is being executed for the test : ChromeTest
2019-06-03 18:28:01.587 [      main]TRACE                          - Enviroment taken as : qa
2019-06-03 18:28:01.587 [      main]TRACE                          - Enviroment file taken  as : D:\Users\SURESH\eclipse-workspace\reports\sampleproject\Config\Config_qa.properties
2019-06-03 18:28:01.602 [      main]TRACE                          - Executing the test case : CE_003_pim_CreateANewEmployee_custom_empId
2019-06-03 18:28:01.618 [      main]TRACE                          - Entering into the method launchApplication with browser : chromeurl : https://opensource-demo.orangehrmlive.com
2019-06-03 18:28:05.560 [      main]INFO                           - browser launched.
2019-06-03 18:28:12.525 [      main]INFO                           - navigated to https://opensource-demo.orangehrmlive.com
2019-06-03 18:28:12.525 [      main]INFO                           - verifying application launch is success or not.
2019-06-03 18:28:13.024 [      main]TRACE                          - Launch Application is executed successfully.
2019-06-03 18:28:13.984 [      main]INFO                           - Entering the value : admin into the object : By.xpath: //input[@id='txtUsername']
2019-06-03 18:28:14.291 [      main]INFO                           - Entering the value : admin123 into the object : By.id: txtPassword
2019-06-03 18:28:26.201 [      main]TRACE                          - Entering into method : enter_employee_details
2019-06-03 18:28:26.201 [      main]INFO                           - Entering the value : David into the object : By.id: firstName
2019-06-03 18:28:26.459 [      main]INFO                           - Entering the value : dsadsa into the object : By.id: middleName
2019-06-03 18:28:26.695 [      main]INFO                           - Entering the value : Warner into the object : By.id: lastName
2019-06-03 18:28:27.005 [      main]INFO                           - Entering the value : e1218 into the object : By.id: employeeId
2019-06-03 18:28:27.253 [      main]TRACE                          - Completed the method : enter_employee_details
2019-06-03 18:28:30.509 [      main]INFO                           - Entering the value : OS0932DA32 into the object : By.id: personal_txtLicenNo
2019-06-03 18:28:31.113 [      main]TRACE                          - Select Calendar with date : 15-06-2023
2019-06-03 18:28:35.001 [      main]TRACE                          - Date has been selected successfully.
2019-06-03 18:28:35.001 [      main]TRACE                          - Selecting Gender : Male
2019-06-03 18:28:35.198 [      main]TRACE                          - Gender selected successfully.
2019-06-03 18:28:38.468 [      main]TRACE                          - Select Calendar with date : 15-02-1990
2019-06-03 18:28:41.432 [      main]TRACE                          - Date has been selected successfully.
2019-06-03 18:28:46.937 [      main]TRACE                          - Completed the test case : CE_003_pim_CreateANewEmployee_custom_empId
2019-06-03 18:28:47.608 [      main]TRACE                          - Execution has been completed.
