2019-06-06 21:23:57.187 [      main]TRACE                          - Initializing the log file in before suit.
2019-06-06 21:23:57.355 [      main]TRACE                          - beforeTest annotation is being executed for the test : Default test
2019-06-06 21:23:57.408 [      main]TRACE                          - Enviroment taken as : qa
2019-06-06 21:23:57.409 [      main]TRACE                          - Enviroment file taken  as : E:\Orange_Hrm_Project\sampleproject\Config\Config_qa.properties
2019-06-06 21:23:57.451 [      main]TRACE                          - Executing the test case : AL_001_DashBoard_Assign_Leave
2019-06-06 21:23:57.483 [      main]TRACE                          - Entering into the method launchApplication with browser : chromeurl : https://opensource-demo.orangehrmlive.com
2019-06-06 21:24:07.547 [      main]INFO                           - browser launched.
2019-06-06 21:24:14.047 [      main]INFO                           - navigated to https://opensource-demo.orangehrmlive.com
2019-06-06 21:24:14.048 [      main]INFO                           - verifying application launch is success or not.
2019-06-06 21:24:15.036 [      main]TRACE                          - Launch Application is executed successfully.
2019-06-06 21:24:15.052 [      main]TRACE                          - Executing Business Flow For: AL_001_DashBoard_Assign_Leave
2019-06-06 21:24:15.075 [      main]TRACE                          - Entering into the Getting Workbook
2019-06-06 21:24:18.118 [      main]INFO                           - Succesfully found File: E:\Orange_Hrm_Project\sampleproject\TestData\pim.xlsx
2019-06-06 21:24:18.119 [      main]INFO                           - File Exist
2019-06-06 21:24:18.119 [      main]TRACE                          - Succesfully get the Workbook Data
2019-06-06 21:24:18.163 [      main]INFO                           - Entering the value : admin into the object : By.xpath: //input[@id='txtUsername']
2019-06-06 21:24:18.615 [      main]INFO                           - Entering the value : admin123 into the object : By.id: txtPassword
2019-06-06 21:24:25.129 [      main]TRACE                          - Navigating to the assign Leave Page
2019-06-06 21:24:26.880 [      main]INFO                           - Succesfully Navigated to the Assign Leave 
2019-06-06 21:24:26.880 [      main]TRACE                          - Entering Leave Details
2019-06-06 21:24:26.882 [      main]INFO                           - Entering the value : Linda Anderson into the object : By.id: assignleave_txtEmployee_empName
2019-06-06 21:24:29.186 [      main]TRACE                          - Select Calendar with date : 23-06-2019
2019-06-06 21:24:37.006 [      main]TRACE                          - Date has been selected successfully.
2019-06-06 21:24:37.479 [      main]TRACE                          - Select Calendar with date : 25-06-2019
2019-06-06 21:24:44.577 [      main]TRACE                          - Date has been selected successfully.
2019-06-06 21:24:45.243 [      main]TRACE                          - Completed the test case : AL_001_DashBoard_Assign_Leave
2019-06-06 21:24:49.299 [      main]TRACE                          - Execution has been completed.
