2019-06-07 13:28:34.346 [      main]TRACE                          - Initializing the log file in before suit.
2019-06-07 13:28:34.362 [      main]TRACE                          - beforeTest annotation is being executed for the test : Default test
2019-06-07 13:28:34.393 [      main]TRACE                          - Enviroment taken as : qa
2019-06-07 13:28:34.393 [      main]TRACE                          - Enviroment file taken  as : E:\framework\sampleproject\Config\Config_qa.properties
2019-06-07 13:28:34.408 [      main]TRACE                          - Executing the test case : AL_001_DashBoard_Assign_Leave
2019-06-07 13:28:34.408 [      main]TRACE                          - Entering into the method launchApplication with browser : chromeurl : https://opensource-demo.orangehrmlive.com
2019-06-07 13:28:40.226 [      main]INFO                           - browser launched.
2019-06-07 13:28:47.244 [      main]INFO                           - navigated to https://opensource-demo.orangehrmlive.com
2019-06-07 13:28:47.245 [      main]INFO                           - verifying application launch is success or not.
2019-06-07 13:28:47.703 [      main]TRACE                          - Launch Application is executed successfully.
2019-06-07 13:28:47.707 [      main]TRACE                          - Executing Business Flow For: AL_001_DashBoard_Assign_Leave
2019-06-07 13:28:47.707 [      main]TRACE                          - Entering into the Getting Workbook
2019-06-07 13:28:48.870 [      main]INFO                           - Succesfully found File: E:\framework\sampleproject\TestData\pim.xlsx
2019-06-07 13:28:48.870 [      main]INFO                           - File Exist
2019-06-07 13:28:48.871 [      main]TRACE                          - Succesfully get the Workbook Data
2019-06-07 13:28:48.888 [      main]INFO                           - Entering the value : admin into the object : By.xpath: //input[@id='txtUsername']
2019-06-07 13:28:49.423 [      main]INFO                           - Entering the value : admin123 into the object : By.id: txtPassword
2019-06-07 13:28:55.402 [      main]TRACE                          - Navigating to the assign Leave Page
2019-06-07 13:28:58.095 [      main]INFO                           - Succesfully Navigated to the Assign Leave 
2019-06-07 13:28:58.095 [      main]TRACE                          - Entering Leave Details
2019-06-07 13:28:58.095 [      main]INFO                           - Entering the value : Linda Anderson into the object : By.id: assignleave_txtEmployee_empName
2019-06-07 13:28:58.814 [      main]TRACE                          - Completed the test case : AL_001_DashBoard_Assign_Leave
2019-06-07 13:28:59.548 [      main]TRACE                          - Execution has been completed.
