2019-06-05 01:07:17.215 [      main]TRACE                          - Initializing the log file in before suit.
2019-06-05 01:07:17.239 [      main]TRACE                          - beforeTest annotation is being executed for the test : Default test
2019-06-05 01:07:17.270 [      main]TRACE                          - Enviroment taken as : qa
2019-06-05 01:07:17.270 [      main]TRACE                          - Enviroment file taken  as : E:\Orange_Hrm_Project\sampleproject\Config\Config_qa.properties
2019-06-05 01:07:17.317 [      main]TRACE                          - Executing the test case : RE_001_Rectruitment_Job_Vacancy
2019-06-05 01:07:17.333 [      main]TRACE                          - Entering into the method launchApplication with browser : chromeurl : https://opensource-demo.orangehrmlive.com
2019-06-05 01:07:26.952 [      main]INFO                           - browser launched.
2019-06-05 01:07:33.095 [      main]INFO                           - navigated to https://opensource-demo.orangehrmlive.com
2019-06-05 01:07:33.096 [      main]INFO                           - verifying application launch is success or not.
2019-06-05 01:07:33.992 [      main]TRACE                          - Launch Application is executed successfully.
2019-06-05 01:07:34.014 [      main]TRACE                          - Executing Business Flow For: 001_Rectruitment_Job_Vacancy
2019-06-05 01:07:34.033 [      main]TRACE                          - Entering into the Getting Workbook
2019-06-05 01:07:36.732 [      main]INFO                           - Succesfully found File: E:\Orange_Hrm_Project\sampleproject\TestData.\pim.xlsx
2019-06-05 01:07:36.733 [      main]INFO                           - File Exist
2019-06-05 01:07:36.733 [      main]TRACE                          - Succesfully get the Workbook Data
2019-06-05 01:07:36.773 [      main]INFO                           - Entering the value : admin into the object : By.xpath: //input[@id='txtUsername']
2019-06-05 01:07:37.226 [      main]INFO                           - Entering the value : admin123 into the object : By.id: txtPassword
2019-06-05 01:07:47.201 [      main]TRACE                          - Entering into the Recruitment Page
2019-06-05 01:07:49.827 [      main]INFO                           - Clicking on Job Vacancies 
2019-06-05 01:07:52.149 [      main]INFO                           - Succesfully Clicked on Vacancy List and Add Link
2019-06-05 01:07:52.244 [      main]INFO                           - succesfully Navigated to the Job Vacancy Page
2019-06-05 01:07:52.245 [      main]INFO                           - Navigating into the Vacancy Job List
2019-06-05 01:07:52.288 [      main]INFO                           - Entering into the Method: Entering_Job_Vacancy_Details
2019-06-05 01:07:53.194 [      main]INFO                           - Entering the value : selenium into the object : By.id: addJobVacancy_name
2019-06-05 01:07:53.877 [      main]TRACE                          - Completed the test case : RE_001_Rectruitment_Job_Vacancy
2019-06-05 01:07:59.428 [      main]TRACE                          - Execution has been completed.
