2019-06-06 18:58:36.545 [      main]TRACE                          - Initializing the log file in before suit.
2019-06-06 18:58:36.648 [      main]TRACE                          - beforeTest annotation is being executed for the test : Default test
2019-06-06 18:58:36.898 [      main]TRACE                          - Enviroment taken as : qa
2019-06-06 18:58:36.898 [      main]TRACE                          - Enviroment file taken  as : E:\Orange_Hrm_Project\sampleproject\Config\Config_qa.properties
2019-06-06 18:58:36.973 [      main]TRACE                          - Executing the test case : AL_001_DashBoard_Assign_Leave
2019-06-06 18:58:37.068 [      main]TRACE                          - Entering into the method launchApplication with browser : chromeurl : https://opensource-demo.orangehrmlive.com
2019-06-06 18:59:14.059 [      main]INFO                           - browser launched.
2019-06-06 18:59:26.572 [      main]INFO                           - navigated to https://opensource-demo.orangehrmlive.com
2019-06-06 18:59:26.573 [      main]INFO                           - verifying application launch is success or not.
2019-06-06 18:59:31.352 [      main]TRACE                          - Launch Application is executed successfully.
2019-06-06 18:59:31.369 [      main]TRACE                          - Executing Business Flow For: AL_001_DashBoard_Assign_Leave
2019-06-06 18:59:31.502 [      main]TRACE                          - Entering into the Getting Workbook
2019-06-06 18:59:37.094 [      main]INFO                           - Succesfully found File: E:\Orange_Hrm_Project\sampleproject\TestData\pim.xlsx
2019-06-06 18:59:37.099 [      main]INFO                           - File Exist
2019-06-06 18:59:37.099 [      main]TRACE                          - Succesfully get the Workbook Data
2019-06-06 18:59:37.193 [      main]INFO                           - Entering the value : admin into the object : By.xpath: //input[@id='txtUsername']
2019-06-06 18:59:38.683 [      main]INFO                           - Entering the value : admin123 into the object : By.id: txtPassword
2019-06-06 18:59:49.169 [      main]TRACE                          - Navigating to the assign Leave Page
2019-06-06 18:59:52.943 [      main]INFO                           - Succesfully Navigated to the Assign Leave 
2019-06-06 18:59:52.943 [      main]TRACE                          - Entering Leave Details
2019-06-06 18:59:52.944 [      main]INFO                           - Entering the value : John Smith into the object : By.id: assignleave_txtEmployee_empName
2019-06-06 18:59:55.836 [      main]TRACE                          - Select Calendar with date : 43636.0
2019-06-06 18:59:55.839 [      main]ERROR                          - [Ljava.lang.StackTraceElement;@11ce2e22
2019-06-06 18:59:55.984 [      main]TRACE                          - Completed the test case : AL_001_DashBoard_Assign_Leave
2019-06-06 19:00:05.651 [      main]TRACE                          - Execution has been completed.
