2019-06-25 10:06:44.325 [      main]TRACE                          - Initializing the log file in before suit.
2019-06-25 10:06:44.337 [      main]TRACE                          - beforeTest annotation is being executed for the test : Default test
2019-06-25 10:06:44.337 [      main]TRACE                          - Enviroment taken as : qa
2019-06-25 10:06:44.353 [      main]TRACE                          - Enviroment file taken  as : F:\Dummy\sampleproject\Config\Config_qa.properties
2019-06-25 10:06:44.369 [      main]TRACE                          - Executing the test case : CE_001_crm_CreateANewCompany
2019-06-25 10:06:44.384 [      main]TRACE                          - Entering into the method launchApplication with browser : chromeurl : https://www.crmpro.com/index.html
2019-06-25 10:06:47.999 [      main]INFO                           - browser launched.
2019-06-25 10:07:02.329 [      main]INFO                           - navigated to https://www.crmpro.com/index.html
2019-06-25 10:07:02.329 [      main]INFO                           - verifying application launch is success or not.
2019-06-25 10:07:02.756 [      main]TRACE                          - Launch Application is executed successfully.
2019-06-25 10:07:02.765 [      main]INFO                           - Executing the business flow for : CE_001_crm_CreateANewCompany
2019-06-25 10:07:02.767 [      main]TRACE                          - Entering into the Getting Workbook
2019-06-25 10:07:03.618 [      main]INFO                           - Succesfully found File: F:\Dummy\sampleproject\TestData\company.xlsx
2019-06-25 10:07:03.618 [      main]INFO                           - File Exist
2019-06-25 10:07:03.618 [      main]TRACE                          - Succesfully get the Workbook Data
2019-06-25 10:07:03.639 [      main]INFO                           - Entering the value : sathyamsekhar493 into the object : By.name: username
2019-06-25 10:07:03.887 [      main]INFO                           - Entering the value : soma1995 into the object : By.name: password
2019-06-25 10:07:11.037 [      main]TRACE                          - Entering into method : enter_employee_details
2019-06-25 10:07:11.038 [      main]INFO                           - Entering the value : Test into the object : By.id: company_name
2019-06-25 10:07:11.228 [      main]INFO                           - Entering the value : IT into the object : By.name: industry
2019-06-25 10:07:11.376 [      main]INFO                           - Entering the value : 600000 into the object : By.id: annual_revenue
2019-06-25 10:07:11.570 [      main]INFO                           - Entering the value : 50 into the object : By.id: num_of_employees
2019-06-25 10:07:11.731 [      main]INFO                           - Entering the value : 9874562310 into the object : By.name: phone
2019-06-25 10:07:12.697 [      main]INFO                           - Entering the value : test@it.com into the object : By.id: email
2019-06-25 10:07:12.924 [      main]INFO                           - Entering the value : Home into the object : By.name: address_title
2019-06-25 10:07:13.281 [      main]TRACE                          - Completed the method : enter_employee_details
2019-06-25 10:07:15.964 [      main]TRACE                          - Completed the test case : CE_001_crm_CreateANewCompany
2019-06-25 10:07:15.981 [      main]TRACE                          - Executing the test case : CE_002_crm_CreateANewCompany
2019-06-25 10:07:15.981 [      main]TRACE                          - Entering into the method launchApplication with browser : chromeurl : https://www.crmpro.com/index.html
2019-06-25 10:07:23.648 [      main]INFO                           - browser launched.
2019-06-25 10:07:31.925 [      main]INFO                           - navigated to https://www.crmpro.com/index.html
2019-06-25 10:07:31.925 [      main]INFO                           - verifying application launch is success or not.
