2019-06-25 10:04:39.322 [      main]TRACE                          - Initializing the log file in before suit.
2019-06-25 10:04:39.369 [      main]TRACE                          - beforeTest annotation is being executed for the test : Default test
2019-06-25 10:04:39.478 [      main]TRACE                          - Enviroment taken as : qa
2019-06-25 10:04:39.478 [      main]TRACE                          - Enviroment file taken  as : F:\Dummy\sampleproject\Config\Config_qa.properties
2019-06-25 10:04:39.526 [      main]TRACE                          - Executing the test case : CE_001_crm_CreateANewCompany
2019-06-25 10:04:39.557 [      main]TRACE                          - Entering into the method launchApplication with browser : chromeurl : https://www.crmpro.com/index.html
2019-06-25 10:04:48.180 [      main]INFO                           - browser launched.
2019-06-25 10:04:58.069 [      main]INFO                           - navigated to https://www.crmpro.com/index.html
2019-06-25 10:04:58.069 [      main]INFO                           - verifying application launch is success or not.
2019-06-25 10:05:00.606 [      main]TRACE                          - Launch Application is executed successfully.
2019-06-25 10:05:00.613 [      main]INFO                           - Executing the business flow for : CE_001_crm_CreateANewCompany
2019-06-25 10:05:00.615 [      main]TRACE                          - Entering into the Getting Workbook
2019-06-25 10:05:01.717 [      main]INFO                           - Succesfully found File: F:\Dummy\sampleproject\TestData\company.xlsx
2019-06-25 10:05:01.718 [      main]INFO                           - File Exist
2019-06-25 10:05:01.719 [      main]TRACE                          - Succesfully get the Workbook Data
2019-06-25 10:05:01.752 [      main]INFO                           - Entering the value : sathyamsekhar493 into the object : By.name: username
2019-06-25 10:05:02.392 [      main]INFO                           - Entering the value : soma1995 into the object : By.name: password
2019-06-25 10:05:14.674 [      main]TRACE                          - Entering into method : enter_employee_details
2019-06-25 10:05:14.674 [      main]INFO                           - Entering the value : Test into the object : By.id: company_name
2019-06-25 10:05:14.922 [      main]INFO                           - Entering the value : IT into the object : By.name: industry
2019-06-25 10:05:15.074 [      main]INFO                           - Entering the value : 600000 into the object : By.id: annual_revenue
2019-06-25 10:05:15.262 [      main]INFO                           - Entering the value : 50 into the object : By.id: num_of_employees
2019-06-25 10:05:15.420 [      main]INFO                           - Entering the value : 9874562310 into the object : By.name: phone
2019-06-25 10:05:16.456 [      main]INFO                           - Entering the value : test@it.com into the object : By.id: email
2019-06-25 10:05:16.702 [      main]INFO                           - Entering the value : Home into the object : By.name: address_title
2019-06-25 10:05:17.042 [      main]INFO                           - Entering the value : h no 49-1a-254, aicobo nagar into the object : By.name: address
2019-06-25 10:05:17.298 [      main]INFO                           - Entering the value : banglore into the object : By.name: city
2019-06-25 10:05:17.479 [      main]INFO                           - Entering the value : karnataka into the object : By.name: state
2019-06-25 10:05:17.725 [      main]INFO                           - Entering the value : 500068 into the object : By.name: postcode
2019-06-25 10:05:17.910 [      main]INFO                           - Entering the value : India into the object : By.name: country
2019-06-25 10:05:18.069 [      main]TRACE                          - Completed the method : enter_employee_details
2019-06-25 10:05:28.243 [      main]TRACE                          - Completed the test case : CE_001_crm_CreateANewCompany
2019-06-25 10:05:30.650 [      main]TRACE                          - Execution has been completed.
