2019-06-25 17:44:36.824 [      main]TRACE                          - Initializing the log file in before suit.
2019-06-25 17:44:36.841 [      main]TRACE                          - beforeTest annotation is being executed for the test : Default test
2019-06-25 17:44:36.841 [      main]TRACE                          - Enviroment taken as : qa
2019-06-25 17:44:36.841 [      main]TRACE                          - Enviroment file taken  as : F:\Dummy\sampleproject\Config\Config_qa.properties
2019-06-25 17:44:36.872 [      main]TRACE                          - Executing the test case : CE_002_crm_CreateANewCompany
2019-06-25 17:44:36.872 [      main]TRACE                          - Entering into the method launchApplication with browser : chromeurl : https://www.crmpro.com/index.html
2019-06-25 17:44:41.621 [      main]INFO                           - browser launched.
2019-06-25 17:44:48.237 [      main]INFO                           - navigated to https://www.crmpro.com/index.html
2019-06-25 17:44:48.237 [      main]INFO                           - verifying application launch is success or not.
2019-06-25 17:44:49.198 [      main]TRACE                          - Launch Application is executed successfully.
2019-06-25 17:44:49.206 [      main]INFO                           - Executing the business flow for : CE_001_crm_CreateANewCompany
2019-06-25 17:44:49.286 [      main]TRACE                          - Entering into the Getting Workbook
2019-06-25 17:44:52.605 [      main]INFO                           - Succesfully found File: F:\Dummy\sampleproject\TestData\company.xlsx
2019-06-25 17:44:52.605 [      main]INFO                           - File Exist
2019-06-25 17:44:52.605 [      main]TRACE                          - Succesfully get the Workbook Data
2019-06-25 17:44:52.652 [      main]INFO                           - Entering the value : sathyamsekhar493 into the object : By.name: username
2019-06-25 17:44:53.197 [      main]INFO                           - Entering the value : soma1995 into the object : By.name: password
2019-06-25 17:45:01.943 [      main]TRACE                          - Entering into method : enter_employee_details
2019-06-25 17:45:01.944 [      main]INFO                           - Entering the value : userdata into the object : By.id: company_name
2019-06-25 17:45:02.185 [      main]INFO                           - Entering the value : CIVIL into the object : By.name: industry
2019-06-25 17:45:02.366 [      main]INFO                           - Entering the value : 250851 into the object : By.id: annual_revenue
2019-06-25 17:45:02.552 [      main]INFO                           - Entering the value : 50 into the object : By.id: num_of_employees
2019-06-25 17:45:02.709 [      main]INFO                           - Entering the value : 9652314789 into the object : By.name: phone
2019-06-25 17:45:03.772 [      main]INFO                           - Entering the value : userdata.civil@yaho.co.in into the object : By.id: email
2019-06-25 17:45:05.429 [      main]INFO                           - Switching to main browser
2019-06-25 17:45:05.448 [      main]INFO                           - Entering the value : userdata.civil@yaho.co.in into the object : By.id: search
2019-06-25 17:45:25.544 [      main]TRACE                          - Completed the test case : CE_002_crm_CreateANewCompany
2019-06-25 17:45:27.381 [      main]TRACE                          - Execution has been completed.
