2019-06-11 15:56:24.455 [      main]TRACE                          - Initializing the log file in before suit.
2019-06-11 15:56:24.468 [      main]TRACE                          - beforeTest annotation is being executed for the test : ChromeTest
2019-06-11 15:56:24.468 [      main]TRACE                          - Enviroment taken as : qa
2019-06-11 15:56:24.468 [      main]TRACE                          - Enviroment file taken  as : F:\Dummy\sampleproject\Config\Config_qa.properties
2019-06-11 15:56:24.483 [      main]TRACE                          - Executing the test case : CE_001_crm_CreateANewCompany
2019-06-11 15:56:24.499 [      main]TRACE                          - Entering into the method launchApplication with browser : chromeurl : https://www.crmpro.com/index.html
2019-06-11 15:56:30.547 [      main]INFO                           - browser launched.
2019-06-11 15:56:37.258 [      main]INFO                           - navigated to https://www.crmpro.com/index.html
2019-06-11 15:56:37.258 [      main]INFO                           - verifying application launch is success or not.
2019-06-11 15:56:37.780 [      main]TRACE                          - Launch Application is executed successfully.
2019-06-11 15:56:37.784 [      main]INFO                           - Executing the business flow for : CE_001_crm_CreateANewCompany
2019-06-11 15:56:37.820 [      main]TRACE                          - Entering into the Getting Workbook
2019-06-11 15:56:39.609 [      main]INFO                           - Succesfully found File: F:\Dummy\sampleproject\TestData\company.xlsx
2019-06-11 15:56:39.609 [      main]INFO                           - File Exist
2019-06-11 15:56:39.609 [      main]TRACE                          - Succesfully get the Workbook Data
2019-06-11 15:56:39.625 [      main]INFO                           - Entering the value : sathyamsekhar493 into the object : By.name: username
2019-06-11 15:56:40.729 [      main]INFO                           - Entering the value : soma1995 into the object : By.name: password
2019-06-11 15:56:47.808 [      main]TRACE                          - Entering into method : enter_employee_details
2019-06-11 15:56:47.809 [      main]INFO                           - Entering the value : Test into the object : By.id: company_name
2019-06-11 15:56:48.023 [      main]INFO                           - Entering the value : IT into the object : By.name: industry
2019-06-11 15:56:48.173 [      main]INFO                           - Entering the value : 600000 into the object : By.id: annual_revenue
2019-06-11 15:56:48.376 [      main]INFO                           - Entering the value : 50 into the object : By.id: num_of_employees
2019-06-11 15:56:48.517 [      main]INFO                           - Entering the value : 9874562310 into the object : By.name: phone
2019-06-11 15:56:49.477 [      main]INFO                           - Entering the value : test@it.com into the object : By.id: email
2019-06-11 15:56:49.708 [      main]INFO                           - Entering the value : Home into the object : By.name: address_title
2019-06-11 15:56:50.071 [      main]INFO                           - Entering the value : h no 49-1a-254, aicobo nagar into the object : By.name: address
2019-06-11 15:56:50.365 [      main]INFO                           - Entering the value : banglore into the object : By.name: city
2019-06-11 15:56:50.601 [      main]INFO                           - Entering the value : karnataka into the object : By.name: state
2019-06-11 15:56:50.813 [      main]INFO                           - Entering the value : 500068 into the object : By.name: postcode
2019-06-11 15:56:50.986 [      main]INFO                           - Entering the value : India into the object : By.name: country
2019-06-11 15:56:51.181 [      main]TRACE                          - Completed the method : enter_employee_details
2019-06-11 15:56:53.856 [      main]TRACE                          - Completed the test case : CE_001_crm_CreateANewCompany
2019-06-11 15:56:55.016 [      main]TRACE                          - Execution has been completed.
