2019-06-05 13:00:51.266 [      main]TRACE                          - Initializing the log file in before suit.
2019-06-05 13:00:51.282 [      main]TRACE                          - beforeTest annotation is being executed for the test : Default test
2019-06-05 13:00:51.328 [      main]TRACE                          - Enviroment taken as : qa
2019-06-05 13:00:51.328 [      main]TRACE                          - Enviroment file taken  as : E:\Orange_Hrm_Project\sampleproject\Config\Config_qa.properties
2019-06-05 13:00:51.375 [      main]TRACE                          - Executing the test case : RE_002_Rectruitment_Job_Vacancy
2019-06-05 13:00:51.375 [      main]TRACE                          - Entering into the method launchApplication with browser : chromeurl : https://opensource-demo.orangehrmlive.com
2019-06-05 13:01:00.791 [      main]INFO                           - browser launched.
2019-06-05 13:01:06.608 [      main]INFO                           - navigated to https://opensource-demo.orangehrmlive.com
2019-06-05 13:01:06.609 [      main]INFO                           - verifying application launch is success or not.
2019-06-05 13:01:07.470 [      main]TRACE                          - Launch Application is executed successfully.
2019-06-05 13:01:07.489 [      main]TRACE                          - Executing Business Flow For: 002_Rectruitment_Job_Vacancy
2019-06-05 13:01:07.494 [      main]TRACE                          - Entering into the Getting Workbook
2019-06-05 13:01:09.846 [      main]INFO                           - Succesfully found File: E:\Orange_Hrm_Project\sampleproject\TestData.\pim.xlsx
2019-06-05 13:01:09.846 [      main]INFO                           - File Exist
2019-06-05 13:01:09.862 [      main]TRACE                          - Succesfully get the Workbook Data
2019-06-05 13:01:09.895 [      main]INFO                           - Entering the value : admin into the object : By.xpath: //input[@id='txtUsername']
2019-06-05 13:01:10.303 [      main]INFO                           - Entering the value : admin123 into the object : By.id: txtPassword
2019-06-05 13:01:15.929 [      main]TRACE                          - Entering into the Recruitment Page
2019-06-05 13:01:18.135 [      main]INFO                           - Clicking on Job Vacancies 
2019-06-05 13:01:20.530 [      main]INFO                           - Succesfully Clicked on Vacancy List and Add Link
2019-06-05 13:01:20.613 [      main]INFO                           - succesfully Navigated to the Job Vacancy Page
2019-06-05 13:01:20.613 [      main]INFO                           - Navigating into the Vacancy Job List
2019-06-05 13:01:20.682 [      main]INFO                           - Entering into the Method: Entering_Job_Vacancy_Details
2019-06-05 13:01:21.307 [      main]INFO                           - Entering the value : manual into the object : By.id: addJobVacancy_name
2019-06-05 13:01:21.812 [      main]INFO                           - Entering the value : Steven Edwards into the object : By.id: addJobVacancy_hiringManager
2019-06-05 13:01:23.091 [      main]INFO                           - Entering the value : 3 into the object : By.id: addJobVacancy_noOfPositions
2019-06-05 13:01:23.553 [      main]INFO                           - Entering the value : manual and java with database into the object : By.id: addJobVacancy_description
2019-06-05 13:01:27.125 [      main]TRACE                          - Completed the test case : RE_002_Rectruitment_Job_Vacancy
2019-06-05 13:01:30.310 [      main]TRACE                          - Execution has been completed.
