2019-06-06 21:04:50.448 [      main]TRACE                          - Initializing the log file in before suit.
2019-06-06 21:04:50.460 [      main]TRACE                          - beforeTest annotation is being executed for the test : Default test
2019-06-06 21:04:50.490 [      main]TRACE                          - Enviroment taken as : qa
2019-06-06 21:04:50.490 [      main]TRACE                          - Enviroment file taken  as : E:\Orange_Hrm_Project\sampleproject\Config\Config_qa.properties
2019-06-06 21:04:50.507 [      main]TRACE                          - Executing the test case : AL_001_DashBoard_Assign_Leave
2019-06-06 21:04:50.514 [      main]TRACE                          - Entering into the method launchApplication with browser : chromeurl : https://opensource-demo.orangehrmlive.com
2019-06-06 21:05:00.205 [      main]INFO                           - browser launched.
2019-06-06 21:05:11.986 [      main]INFO                           - navigated to https://opensource-demo.orangehrmlive.com
2019-06-06 21:05:11.990 [      main]INFO                           - verifying application launch is success or not.
2019-06-06 21:05:12.891 [      main]TRACE                          - Launch Application is executed successfully.
2019-06-06 21:05:12.900 [      main]TRACE                          - Executing Business Flow For: AL_001_DashBoard_Assign_Leave
2019-06-06 21:05:12.932 [      main]TRACE                          - Entering into the Getting Workbook
2019-06-06 21:05:15.583 [      main]INFO                           - Succesfully found File: E:\Orange_Hrm_Project\sampleproject\TestData\pim.xlsx
2019-06-06 21:05:15.583 [      main]INFO                           - File Exist
2019-06-06 21:05:15.587 [      main]TRACE                          - Succesfully get the Workbook Data
2019-06-06 21:05:15.678 [      main]INFO                           - Entering the value : admin into the object : By.xpath: //input[@id='txtUsername']
2019-06-06 21:05:15.921 [      main]INFO                           - Entering the value : admin123 into the object : By.id: txtPassword
2019-06-06 21:05:21.404 [      main]TRACE                          - Navigating to the assign Leave Page
2019-06-06 21:05:23.496 [      main]INFO                           - Succesfully Navigated to the Assign Leave 
2019-06-06 21:05:23.496 [      main]TRACE                          - Entering Leave Details
2019-06-06 21:05:23.498 [      main]INFO                           - Entering the value : Name LastName into the object : By.id: assignleave_txtEmployee_empName
2019-06-06 21:05:26.274 [      main]TRACE                          - Select Calendar with date : 23-06-2019
2019-06-06 21:05:30.417 [      main]TRACE                          - Date has been selected successfully.
2019-06-06 21:05:30.658 [      main]TRACE                          - Completed the test case : AL_001_DashBoard_Assign_Leave
2019-06-06 21:05:37.026 [      main]TRACE                          - Execution has been completed.
