2019-06-11 12:54:29.767 [      main]TRACE                          - Initializing the log file in before suit.
2019-06-11 12:54:29.837 [      main]TRACE                          - beforeTest annotation is being executed for the test : Default test
2019-06-11 12:54:29.931 [      main]TRACE                          - Enviroment taken as : qa
2019-06-11 12:54:29.931 [      main]TRACE                          - Enviroment file taken  as : F:\Dummy\sampleproject\Config\Config_qa.properties
2019-06-11 12:54:29.993 [      main]TRACE                          - Executing the test case : CE_003_pim_CreateANewEmployee_custom_empId
2019-06-11 12:54:30.056 [      main]TRACE                          - Entering into the method launchApplication with browser : chromeurl : https://www.crmpro.com/index.html
2019-06-11 12:54:43.023 [      main]INFO                           - browser launched.
2019-06-11 12:54:51.219 [      main]INFO                           - navigated to https://www.crmpro.com/index.html
2019-06-11 12:54:51.220 [      main]INFO                           - verifying application launch is success or not.
2019-06-11 12:54:52.594 [      main]TRACE                          - Launch Application is executed successfully.
2019-06-11 12:54:52.601 [      main]INFO                           - Executing the business flow for : CE_003_pim_CreateANewEmployee_custom_empId
2019-06-11 12:54:52.626 [      main]TRACE                          - Entering into the Getting Workbook
2019-06-11 12:54:55.891 [      main]INFO                           - Succesfully found File: F:\Dummy\sampleproject\TestData\company.xlsx
2019-06-11 12:54:55.891 [      main]INFO                           - File Exist
2019-06-11 12:54:55.891 [      main]TRACE                          - Succesfully get the Workbook Data
2019-06-11 12:54:55.917 [      main]INFO                           - Entering the value : sathyamsekhar493 into the object : By.name: username
2019-06-11 12:54:56.424 [      main]INFO                           - Entering the value : soma1995 into the object : By.name: password
2019-06-11 12:55:24.830 [      main]TRACE                          - Entering into method : enter_employee_details
2019-06-11 12:55:24.835 [      main]INFO                           - Entering the value : Test into the object : By.id: company_name
2019-06-11 12:55:25.083 [      main]INFO                           - Entering the value : IT into the object : By.name: industry
2019-06-11 12:55:25.229 [      main]INFO                           - Entering the value : `60000 into the object : By.id: annual_revenue
2019-06-11 12:55:25.424 [      main]INFO                           - Entering the value : `50 into the object : By.id: num_of_employees
2019-06-11 12:55:25.571 [      main]INFO                           - Entering the value : `9874562310 into the object : By.name: phone
2019-06-11 12:55:26.543 [      main]INFO                           - Entering the value : test@it.com into the object : By.id: email
2019-06-11 12:55:26.776 [      main]INFO                           - Entering the value : Home into the object : By.name: address_title
2019-06-11 12:55:27.154 [      main]INFO                           - Entering the value : h no 49-1a-254, aicobo nagar into the object : By.name: address
2019-06-11 12:55:27.470 [      main]INFO                           - Entering the value : banglore into the object : By.name: city
2019-06-11 12:55:27.679 [      main]INFO                           - Entering the value : karnataka into the object : By.name: state
2019-06-11 12:55:27.892 [      main]INFO                           - Entering the value : `500068 into the object : By.name: postcode
2019-06-11 12:55:28.095 [      main]INFO                           - Entering the value : India into the object : By.id: country
2019-06-11 12:55:48.141 [      main]TRACE                          - Completed the test case : CE_003_pim_CreateANewEmployee_custom_empId
2019-06-11 12:55:50.788 [      main]TRACE                          - Execution has been completed.
