2019-06-11 14:01:52.273 [      main]TRACE                          - Initializing the log file in before suit.
2019-06-11 14:01:52.282 [      main]TRACE                          - beforeTest annotation is being executed for the test : ChromeTest
2019-06-11 14:01:52.282 [      main]TRACE                          - Enviroment taken as : qa
2019-06-11 14:01:52.298 [      main]TRACE                          - Enviroment file taken  as : F:\Dummy\sampleproject\Config\Config_qa.properties
2019-06-11 14:01:52.313 [      main]TRACE                          - Executing the test case : CE_001_crm_CreateANewCompany
2019-06-11 14:01:52.329 [      main]TRACE                          - Entering into the method launchApplication with browser : chromeurl : https://www.crmpro.com/index.html
2019-06-11 14:01:56.450 [      main]INFO                           - browser launched.
2019-06-11 14:02:03.464 [      main]INFO                           - navigated to https://www.crmpro.com/index.html
2019-06-11 14:02:03.464 [      main]INFO                           - verifying application launch is success or not.
2019-06-11 14:02:03.884 [      main]TRACE                          - Launch Application is executed successfully.
2019-06-11 14:02:03.893 [      main]INFO                           - Executing the business flow for : CE_001_crm_CreateANewCompany
2019-06-11 14:02:03.895 [      main]TRACE                          - Entering into the Getting Workbook
2019-06-11 14:02:04.886 [      main]INFO                           - Succesfully found File: F:\Dummy\sampleproject\TestData\company.xlsx
2019-06-11 14:02:04.886 [      main]INFO                           - File Exist
2019-06-11 14:02:04.886 [      main]TRACE                          - Succesfully get the Workbook Data
2019-06-11 14:02:04.905 [      main]INFO                           - Entering the value : sathyamsekhar493 into the object : By.name: username
2019-06-11 14:02:05.762 [      main]INFO                           - Entering the value : soma1995 into the object : By.name: password
2019-06-11 14:02:12.133 [      main]TRACE                          - Entering into method : enter_employee_details
2019-06-11 14:02:12.134 [      main]INFO                           - Entering the value : Test into the object : By.id: company_name
2019-06-11 14:02:12.343 [      main]INFO                           - Entering the value : IT into the object : By.name: industry
2019-06-11 14:02:12.483 [      main]INFO                           - Entering the value : 60000 into the object : By.id: annual_revenue
2019-06-11 14:02:12.650 [      main]INFO                           - Entering the value : 50 into the object : By.id: num_of_employees
2019-06-11 14:02:12.792 [      main]INFO                           - Entering the value : 9874562310 into the object : By.name: phone
2019-06-11 14:02:13.824 [      main]INFO                           - Entering the value : test@it.com into the object : By.id: email
2019-06-11 14:02:14.044 [      main]INFO                           - Entering the value : Home into the object : By.name: address_title
2019-06-11 14:02:14.420 [      main]INFO                           - Entering the value : h no 49-1a-254, aicobo nagar into the object : By.name: address
2019-06-11 14:02:14.686 [      main]INFO                           - Entering the value : banglore into the object : By.name: city
2019-06-11 14:02:14.871 [      main]INFO                           - Entering the value : karnataka into the object : By.name: state
2019-06-11 14:02:15.082 [      main]INFO                           - Entering the value : 500068 into the object : By.name: postcode
2019-06-11 14:02:15.281 [      main]INFO                           - Entering the value : India into the object : By.name: country
2019-06-11 14:02:15.463 [      main]TRACE                          - Completed the method : enter_employee_details
2019-06-11 14:02:17.814 [      main]TRACE                          - Completed the test case : CE_001_crm_CreateANewCompany
2019-06-11 14:02:18.495 [      main]TRACE                          - Execution has been completed.
