2019-06-05 01:10:32.954 [      main]TRACE                          - Initializing the log file in before suit.
2019-06-05 01:10:32.999 [      main]TRACE                          - beforeTest annotation is being executed for the test : Default test
2019-06-05 01:10:33.335 [      main]TRACE                          - Enviroment taken as : qa
2019-06-05 01:10:33.336 [      main]TRACE                          - Enviroment file taken  as : E:\Orange_Hrm_Project\sampleproject\Config\Config_qa.properties
2019-06-05 01:10:33.372 [      main]TRACE                          - Executing the test case : RE_001_Rectruitment_Job_Vacancy
2019-06-05 01:10:33.475 [      main]TRACE                          - Entering into the method launchApplication with browser : chromeurl : https://opensource-demo.orangehrmlive.com
2019-06-05 01:10:44.345 [      main]INFO                           - browser launched.
2019-06-05 01:10:51.764 [      main]INFO                           - navigated to https://opensource-demo.orangehrmlive.com
2019-06-05 01:10:51.768 [      main]INFO                           - verifying application launch is success or not.
2019-06-05 01:10:52.592 [      main]TRACE                          - Launch Application is executed successfully.
2019-06-05 01:10:52.608 [      main]TRACE                          - Executing Business Flow For: 001_Rectruitment_Job_Vacancy
2019-06-05 01:10:52.623 [      main]TRACE                          - Entering into the Getting Workbook
2019-06-05 01:10:59.155 [      main]INFO                           - Succesfully found File: E:\Orange_Hrm_Project\sampleproject\TestData.\pim.xlsx
2019-06-05 01:10:59.156 [      main]INFO                           - File Exist
2019-06-05 01:10:59.157 [      main]TRACE                          - Succesfully get the Workbook Data
2019-06-05 01:10:59.206 [      main]INFO                           - Entering the value : admin into the object : By.xpath: //input[@id='txtUsername']
2019-06-05 01:10:59.731 [      main]INFO                           - Entering the value : admin123 into the object : By.id: txtPassword
2019-06-05 01:11:06.414 [      main]TRACE                          - Entering into the Recruitment Page
2019-06-05 01:11:09.057 [      main]INFO                           - Clicking on Job Vacancies 
2019-06-05 01:11:11.491 [      main]INFO                           - Succesfully Clicked on Vacancy List and Add Link
2019-06-05 01:11:11.569 [      main]INFO                           - succesfully Navigated to the Job Vacancy Page
2019-06-05 01:11:11.569 [      main]INFO                           - Navigating into the Vacancy Job List
2019-06-05 01:11:11.613 [      main]INFO                           - Entering into the Method: Entering_Job_Vacancy_Details
2019-06-05 01:11:12.646 [      main]INFO                           - Entering the value : selenium into the object : By.id: addJobVacancy_name
2019-06-05 01:11:13.175 [      main]INFO                           - Entering the value : John Smith into the object : By.id: addJobVacancy_hiringManager
2019-06-05 01:11:14.269 [      main]INFO                           - Entering the value : 2 into the object : By.id: addJobVacancy_noOfPositions
2019-06-05 01:11:14.721 [      main]INFO                           - Entering the value : selenium and manual testing experinece into the object : By.id: addJobVacancy_description
2019-06-05 01:11:15.733 [      main]TRACE                          - Completed the test case : RE_001_Rectruitment_Job_Vacancy
2019-06-05 01:11:19.346 [      main]TRACE                          - Execution has been completed.
