2019-06-05 13:11:40.627 [      main]TRACE                          - Initializing the log file in before suit.
2019-06-05 13:11:40.654 [      main]TRACE                          - beforeTest annotation is being executed for the test : Default test
2019-06-05 13:11:40.696 [      main]TRACE                          - Enviroment taken as : qa
2019-06-05 13:11:40.697 [      main]TRACE                          - Enviroment file taken  as : E:\Orange_Hrm_Project\sampleproject\Config\Config_qa.properties
2019-06-05 13:11:40.737 [      main]TRACE                          - Executing the test case : RE_002_Rectruitment_Add_Candidate
2019-06-05 13:11:40.751 [      main]TRACE                          - Entering into the method launchApplication with browser : chromeurl : https://opensource-demo.orangehrmlive.com
2019-06-05 13:11:50.001 [      main]INFO                           - browser launched.
2019-06-05 13:12:12.144 [      main]INFO                           - navigated to https://opensource-demo.orangehrmlive.com
2019-06-05 13:12:12.145 [      main]INFO                           - verifying application launch is success or not.
2019-06-05 13:12:12.955 [      main]TRACE                          - Launch Application is executed successfully.
2019-06-05 13:12:12.976 [      main]TRACE                          - Executing Business Flow for: RE_002_Rectruitment_Add_Candidate
2019-06-05 13:12:12.994 [      main]TRACE                          - Entering into the Getting Workbook
2019-06-05 13:12:15.165 [      main]INFO                           - Succesfully found File: E:\Orange_Hrm_Project\sampleproject\TestData\pim.xlsx
2019-06-05 13:12:15.166 [      main]INFO                           - File Exist
2019-06-05 13:12:15.166 [      main]TRACE                          - Succesfully get the Workbook Data
2019-06-05 13:12:15.209 [      main]INFO                           - Entering the value : admin into the object : By.xpath: //input[@id='txtUsername']
2019-06-05 13:12:15.660 [      main]INFO                           - Entering the value : admin123 into the object : By.id: txtPassword
2019-06-05 13:12:26.961 [      main]TRACE                          - Entering into the Recruitment Page
2019-06-05 13:12:45.754 [      main]TRACE                          - Clicked on Add Link
2019-06-05 13:12:45.755 [      main]TRACE                          - Succesfully Navigated to Add Candidate Page
2019-06-05 13:12:45.827 [      main]INFO                           - Entering into the method :  Entering_Candidate_Details
2019-06-05 13:12:45.829 [      main]INFO                           - Entering the value : VISHWA into the object : By.id: addCandidate_firstName
2019-06-05 13:12:46.321 [      main]INFO                           - Entering the value : VISHU into the object : By.id: addCandidate_lastName
2019-06-05 13:12:46.748 [      main]INFO                           - Entering the value : VISWA1234@GMAIL.COM into the object : By.id: addCandidate_email
2019-06-05 13:12:47.378 [      main]INFO                           - Entering the value : MANUAL into the object : By.id: addCandidate_keyWords
2019-06-05 13:12:47.833 [      main]TRACE                          - entered into method : selectCheckbox and locator taken as By.id: addCandidate_consentToKeepData
2019-06-05 13:12:49.790 [      main]TRACE                          - Completed the test case : RE_002_Rectruitment_Add_Candidate
2019-06-05 13:12:54.809 [      main]TRACE                          - Execution has been completed.
