2019-06-04 21:46:13.725 [      main]TRACE                          - Initializing the log file in before suit.
2019-06-04 21:46:13.757 [      main]TRACE                          - beforeTest annotation is being executed for the test : Default test
2019-06-04 21:46:13.782 [      main]TRACE                          - Enviroment taken as : qa
2019-06-04 21:46:13.783 [      main]TRACE                          - Enviroment file taken  as : E:\Orange_Hrm_Project\sampleproject\Config\Config_qa.properties
2019-06-04 21:46:13.818 [      main]TRACE                          - Executing the test case : RE_001_Rectruitment_Add_Candidate
2019-06-04 21:46:13.833 [      main]TRACE                          - Entering into the method launchApplication with browser : chromeurl : https://opensource-demo.orangehrmlive.com
2019-06-04 21:46:22.356 [      main]INFO                           - browser launched.
2019-06-04 21:46:27.916 [      main]INFO                           - navigated to https://opensource-demo.orangehrmlive.com
2019-06-04 21:46:27.917 [      main]INFO                           - verifying application launch is success or not.
2019-06-04 21:46:28.799 [      main]TRACE                          - Launch Application is executed successfully.
2019-06-04 21:46:28.819 [      main]TRACE                          - Executing Business Flow for: RE_001_Rectruitment_Add_Candidate
2019-06-04 21:46:28.824 [      main]TRACE                          - Entering into the Getting Workbook
2019-06-04 21:46:32.024 [      main]INFO                           - Succesfully found File: E:\Orange_Hrm_Project\sampleproject\TestData\pim.xlsx
2019-06-04 21:46:32.025 [      main]INFO                           - File Exist
2019-06-04 21:46:32.025 [      main]TRACE                          - Succesfully get the Workbook Data
2019-06-04 21:46:32.068 [      main]INFO                           - Entering the value : admin into the object : By.xpath: //input[@id='txtUsername']
2019-06-04 21:46:32.542 [      main]INFO                           - Entering the value : admin123 into the object : By.id: txtPassword
2019-06-04 21:46:39.635 [      main]TRACE                          - Entering into the Recruitment Page
2019-06-04 21:46:41.964 [      main]TRACE                          - Clicking on Add Candidate Link
2019-06-04 21:46:43.121 [      main]TRACE                          - Clicked on Add Link
2019-06-04 21:46:43.122 [      main]TRACE                          - Succesfully Navigated to Add Candidate Page
2019-06-04 21:46:43.233 [      main]INFO                           - Entering into the method :  Entering_Candidate_Details
2019-06-04 21:46:43.244 [      main]TRACE                          - Completed the test case : RE_001_Rectruitment_Add_Candidate
2019-06-04 21:46:46.495 [      main]TRACE                          - Execution has been completed.
