2019-06-11 13:22:29.672 [      main]TRACE                          - Initializing the log file in before suit.
2019-06-11 13:22:29.684 [      main]TRACE                          - beforeTest annotation is being executed for the test : ChromeTest
2019-06-11 13:22:29.699 [      main]TRACE                          - Enviroment taken as : qa
2019-06-11 13:22:29.699 [      main]TRACE                          - Enviroment file taken  as : F:\Dummy\sampleproject\Config\Config_qa.properties
2019-06-11 13:22:29.731 [      main]TRACE                          - Executing the test case : CE_001_crm_CreateANewCompany
2019-06-11 13:22:29.731 [      main]TRACE                          - Entering into the method launchApplication with browser : chromeurl : https://www.crmpro.com/index.html
2019-06-11 13:22:33.042 [      main]INFO                           - browser launched.
2019-06-11 13:22:39.572 [      main]INFO                           - navigated to https://www.crmpro.com/index.html
2019-06-11 13:22:39.572 [      main]INFO                           - verifying application launch is success or not.
2019-06-11 13:22:40.087 [      main]TRACE                          - Launch Application is executed successfully.
2019-06-11 13:22:40.093 [      main]INFO                           - Executing the business flow for : CE_003_pim_CreateANewEmployee_custom_empId
2019-06-11 13:22:40.096 [      main]TRACE                          - Entering into the Getting Workbook
2019-06-11 13:22:41.133 [      main]INFO                           - Succesfully found File: F:\Dummy\sampleproject\TestData\company.xlsx
2019-06-11 13:22:41.134 [      main]INFO                           - File Exist
2019-06-11 13:22:41.134 [      main]TRACE                          - Succesfully get the Workbook Data
2019-06-11 13:22:41.155 [      main]INFO                           - Entering the value : sathyamsekhar493 into the object : By.name: username
2019-06-11 13:22:41.991 [      main]INFO                           - Entering the value : soma1995 into the object : By.name: password
2019-06-11 13:23:10.396 [      main]TRACE                          - Entering into method : enter_employee_details
2019-06-11 13:23:10.396 [      main]INFO                           - Entering the value : Test into the object : By.id: company_name
2019-06-11 13:23:10.584 [      main]INFO                           - Entering the value : IT into the object : By.name: industry
2019-06-11 13:23:10.750 [      main]INFO                           - Entering the value : 60000.0 into the object : By.id: annual_revenue
2019-06-11 13:23:10.925 [      main]INFO                           - Entering the value : 50.0 into the object : By.id: num_of_employees
2019-06-11 13:23:11.101 [      main]INFO                           - Entering the value : 9.87456231E9 into the object : By.name: phone
2019-06-11 13:23:12.110 [      main]INFO                           - Entering the value : test@it.com into the object : By.id: email
2019-06-11 13:23:12.343 [      main]INFO                           - Entering the value : Home into the object : By.name: address_title
2019-06-11 13:23:12.725 [      main]INFO                           - Entering the value : h no 49-1a-254, aicobo nagar into the object : By.name: address
2019-06-11 13:23:13.005 [      main]INFO                           - Entering the value : banglore into the object : By.name: city
2019-06-11 13:23:13.178 [      main]INFO                           - Entering the value : karnataka into the object : By.name: state
2019-06-11 13:23:13.374 [      main]INFO                           - Entering the value : 500068.0 into the object : By.name: postcode
2019-06-11 13:23:13.583 [      main]INFO                           - Entering the value : India into the object : By.name: country
2019-06-11 13:23:13.743 [      main]TRACE                          - Completed the method : enter_employee_details
2019-06-11 13:23:36.138 [      main]TRACE                          - Completed the test case : CE_001_crm_CreateANewCompany
2019-06-11 13:23:36.705 [      main]TRACE                          - Execution has been completed.
