2019-06-05 01:02:37.230 [      main]TRACE                          - Initializing the log file in before suit.
2019-06-05 01:02:37.260 [      main]TRACE                          - beforeTest annotation is being executed for the test : Default test
2019-06-05 01:02:37.285 [      main]TRACE                          - Enviroment taken as : qa
2019-06-05 01:02:37.286 [      main]TRACE                          - Enviroment file taken  as : E:\Orange_Hrm_Project\sampleproject\Config\Config_qa.properties
2019-06-05 01:02:37.325 [      main]TRACE                          - Executing the test case : RE_001_Rectruitment_Job_Vacancy
2019-06-05 01:02:37.343 [      main]TRACE                          - Entering into the method launchApplication with browser : chromeurl : https://opensource-demo.orangehrmlive.com
2019-06-05 01:02:52.354 [      main]INFO                           - browser launched.
2019-06-05 01:03:00.854 [      main]INFO                           - navigated to https://opensource-demo.orangehrmlive.com
2019-06-05 01:03:00.855 [      main]INFO                           - verifying application launch is success or not.
2019-06-05 01:03:02.171 [      main]TRACE                          - Launch Application is executed successfully.
2019-06-05 01:03:02.193 [      main]TRACE                          - Executing Business Flow For: 001_Rectruitment_Job_Vacancy
2019-06-05 01:03:02.333 [      main]TRACE                          - Entering into the Getting Workbook
2019-06-05 01:03:07.746 [      main]INFO                           - Succesfully found File: E:\Orange_Hrm_Project\sampleproject\TestData.\pim.xlsx
2019-06-05 01:03:07.747 [      main]INFO                           - File Exist
2019-06-05 01:03:07.747 [      main]TRACE                          - Succesfully get the Workbook Data
2019-06-05 01:03:07.889 [      main]INFO                           - Entering the value : admin into the object : By.xpath: //input[@id='txtUsername']
2019-06-05 01:03:08.434 [      main]INFO                           - Entering the value : admin123 into the object : By.id: txtPassword
2019-06-05 01:03:17.968 [      main]TRACE                          - Entering into the Recruitment Page
2019-06-05 01:03:23.111 [      main]INFO                           - Clicking on Job Vacancies 
2019-06-05 01:03:26.377 [      main]INFO                           - Succesfully Clicked on Vacancy List and Add Link
2019-06-05 01:03:26.445 [      main]INFO                           - succesfully Navigated to the Job Vacancy Page
2019-06-05 01:03:26.445 [      main]INFO                           - Navigating into the Vacancy Job List
2019-06-05 01:03:26.482 [      main]INFO                           - Entering into the Method: Entering_Job_Vacancy_Details
2019-06-05 01:03:27.683 [      main]TRACE                          - Completed the test case : RE_001_Rectruitment_Job_Vacancy
2019-06-05 01:03:40.376 [      main]TRACE                          - Execution has been completed.
