2019-06-05 19:09:02.524 [      main]TRACE                          - Initializing the log file in before suit.
2019-06-05 19:09:02.547 [      main]TRACE                          - beforeTest annotation is being executed for the test : Default test
2019-06-05 19:09:02.579 [      main]TRACE                          - Enviroment taken as : qa
2019-06-05 19:09:02.580 [      main]TRACE                          - Enviroment file taken  as : E:\Orange_Hrm_Project\sampleproject\Config\Config_qa.properties
2019-06-05 19:09:02.607 [      main]TRACE                          - Executing the test case : AL_001_DashBoard_Assign_Leave
2019-06-05 19:09:02.615 [      main]TRACE                          - Entering into the method launchApplication with browser : chromeurl : https://opensource-demo.orangehrmlive.com
2019-06-05 19:09:14.785 [      main]INFO                           - browser launched.
2019-06-05 19:09:20.177 [      main]INFO                           - navigated to https://opensource-demo.orangehrmlive.com
2019-06-05 19:09:20.178 [      main]INFO                           - verifying application launch is success or not.
2019-06-05 19:09:21.529 [      main]TRACE                          - Launch Application is executed successfully.
2019-06-05 19:09:21.545 [      main]TRACE                          - Executing Business Flow For: AL_001_DashBoard_Assign_Leave
2019-06-05 19:09:21.572 [      main]TRACE                          - Entering into the Getting Workbook
2019-06-05 19:09:26.575 [      main]INFO                           - Succesfully found File: E:\Orange_Hrm_Project\sampleproject\TestData\pim.xlsx
2019-06-05 19:09:26.576 [      main]INFO                           - File Exist
2019-06-05 19:09:26.576 [      main]TRACE                          - Succesfully get the Workbook Data
2019-06-05 19:09:26.744 [      main]INFO                           - Entering the value : admin into the object : By.xpath: //input[@id='txtUsername']
2019-06-05 19:09:27.883 [      main]INFO                           - Entering the value : admin123 into the object : By.id: txtPassword
2019-06-05 19:09:34.471 [      main]TRACE                          - Navigating to the assign Leave Page
2019-06-05 19:09:37.391 [      main]INFO                           - Succesfully Navigated to the Assign Leave 
2019-06-05 19:09:37.395 [      main]TRACE                          - Entering Leave Details
2019-06-05 19:09:37.396 [      main]INFO                           - Entering the value : John Smith into the object : By.id: assignleave_txtEmployee_empName
2019-06-05 19:09:44.768 [      main]TRACE                          - Select Calendar with date : 43636.0
2019-06-05 19:09:44.772 [      main]ERROR                          - [Ljava.lang.StackTraceElement;@100f9bbe
2019-06-05 19:09:44.883 [      main]TRACE                          - Completed the test case : AL_001_DashBoard_Assign_Leave
2019-06-05 19:09:48.725 [      main]TRACE                          - Execution has been completed.
