2019-06-19 15:40:47.145 [      main]TRACE                          - Initializing the log file in before suit.
2019-06-19 15:40:47.166 [      main]TRACE                          - beforeTest annotation is being executed for the test : Default test
2019-06-19 15:40:47.304 [      main]TRACE                          - Enviroment taken as : qa
2019-06-19 15:40:47.309 [      main]TRACE                          - Enviroment file taken  as : F:\Dummy\sampleproject\Config\Config_qa.properties
2019-06-19 15:40:47.369 [      main]TRACE                          - Executing the test case : CE_001_crm_CreateANewCompany
2019-06-19 15:40:47.419 [      main]TRACE                          - Entering into the method launchApplication with browser : chromeurl : https://www.crmpro.com/index.html
2019-06-19 15:41:09.396 [      main]INFO                           - browser launched.
2019-06-19 15:41:30.645 [      main]INFO                           - navigated to https://www.crmpro.com/index.html
2019-06-19 15:41:30.645 [      main]INFO                           - verifying application launch is success or not.
2019-06-19 15:41:32.269 [      main]TRACE                          - Launch Application is executed successfully.
2019-06-19 15:41:32.272 [      main]INFO                           - Executing the business flow for : CE_001_crm_CreateANewCompany
2019-06-19 15:41:32.400 [      main]TRACE                          - Entering into the Getting Workbook
2019-06-19 15:41:35.263 [      main]INFO                           - Succesfully found File: F:\Dummy\sampleproject\TestData\company.xlsx
2019-06-19 15:41:35.267 [      main]INFO                           - File Exist
2019-06-19 15:41:35.267 [      main]TRACE                          - Succesfully get the Workbook Data
2019-06-19 15:41:35.308 [      main]INFO                           - Entering the value : sathyamsekhar493 into the object : By.name: username
2019-06-19 15:41:35.776 [      main]INFO                           - Entering the value : soma1995 into the object : By.name: password
2019-06-19 15:41:54.188 [      main]TRACE                          - Entering into method : enter_employee_details
2019-06-19 15:41:54.190 [      main]INFO                           - Entering the value : Test into the object : By.id: company_name
2019-06-19 15:41:55.088 [      main]INFO                           - Entering the value : IT into the object : By.name: industry
2019-06-19 15:41:55.235 [      main]INFO                           - Entering the value : 600000 into the object : By.id: annual_revenue
2019-06-19 15:41:55.424 [      main]INFO                           - Entering the value : 50 into the object : By.id: num_of_employees
2019-06-19 15:41:55.559 [      main]INFO                           - Entering the value : 9874562310 into the object : By.name: phone
2019-06-19 15:41:56.775 [      main]INFO                           - Entering the value : test@it.com into the object : By.id: email
2019-06-19 15:41:56.992 [      main]INFO                           - Entering the value : Home into the object : By.name: address_title
2019-06-19 15:41:57.301 [      main]INFO                           - Entering the value : h no 49-1a-254, aicobo nagar into the object : By.name: address
2019-06-19 15:41:57.558 [      main]INFO                           - Entering the value : banglore into the object : By.name: city
2019-06-19 15:41:57.752 [      main]INFO                           - Entering the value : karnataka into the object : By.name: state
2019-06-19 15:41:57.998 [      main]INFO                           - Entering the value : 500068 into the object : By.name: postcode
2019-06-19 15:41:58.198 [      main]INFO                           - Entering the value : India into the object : By.name: country
2019-06-19 15:41:58.377 [      main]TRACE                          - Completed the method : enter_employee_details
2019-06-19 15:42:02.696 [      main]TRACE                          - Completed the test case : CE_001_crm_CreateANewCompany
2019-06-19 15:42:04.981 [      main]TRACE                          - Execution has been completed.
