2019-06-11 13:25:26.643 [      main]TRACE                          - Initializing the log file in before suit.
2019-06-11 13:25:26.652 [      main]TRACE                          - beforeTest annotation is being executed for the test : ChromeTest
2019-06-11 13:25:26.668 [      main]TRACE                          - Enviroment taken as : qa
2019-06-11 13:25:26.668 [      main]TRACE                          - Enviroment file taken  as : F:\Dummy\sampleproject\Config\Config_qa.properties
2019-06-11 13:25:26.699 [      main]TRACE                          - Executing the test case : CE_001_crm_CreateANewCompany
2019-06-11 13:25:26.699 [      main]TRACE                          - Entering into the method launchApplication with browser : chromeurl : https://www.crmpro.com/index.html
2019-06-11 13:25:30.072 [      main]INFO                           - browser launched.
2019-06-11 13:25:36.370 [      main]INFO                           - navigated to https://www.crmpro.com/index.html
2019-06-11 13:25:36.370 [      main]INFO                           - verifying application launch is success or not.
2019-06-11 13:25:36.808 [      main]TRACE                          - Launch Application is executed successfully.
2019-06-11 13:25:36.816 [      main]INFO                           - Executing the business flow for : CE_003_pim_CreateANewEmployee_custom_empId
2019-06-11 13:25:36.819 [      main]TRACE                          - Entering into the Getting Workbook
2019-06-11 13:25:37.744 [      main]INFO                           - Succesfully found File: F:\Dummy\sampleproject\TestData\company.xlsx
2019-06-11 13:25:37.745 [      main]INFO                           - File Exist
2019-06-11 13:25:37.745 [      main]TRACE                          - Succesfully get the Workbook Data
2019-06-11 13:25:37.782 [      main]INFO                           - Entering the value : sathyamsekhar493 into the object : By.name: username
2019-06-11 13:25:38.575 [      main]INFO                           - Entering the value : soma1995 into the object : By.name: password
2019-06-11 13:26:05.883 [      main]TRACE                          - Entering into method : enter_employee_details
2019-06-11 13:26:05.883 [      main]INFO                           - Entering the value : Test into the object : By.id: company_name
2019-06-11 13:26:06.075 [      main]INFO                           - Entering the value : IT into the object : By.name: industry
2019-06-11 13:26:06.234 [      main]INFO                           - Entering the value : 60000.0 into the object : By.id: annual_revenue
2019-06-11 13:26:06.420 [      main]INFO                           - Entering the value : 50.0 into the object : By.id: num_of_employees
2019-06-11 13:26:06.597 [      main]INFO                           - Entering the value : 9.87456231E9 into the object : By.name: phone
2019-06-11 13:26:07.589 [      main]INFO                           - Entering the value : test@it.com into the object : By.id: email
2019-06-11 13:26:07.825 [      main]INFO                           - Entering the value : Home into the object : By.name: address_title
2019-06-11 13:26:08.181 [      main]INFO                           - Entering the value : h no 49-1a-254, aicobo nagar into the object : By.name: address
2019-06-11 13:26:08.457 [      main]INFO                           - Entering the value : banglore into the object : By.name: city
2019-06-11 13:26:08.627 [      main]INFO                           - Entering the value : karnataka into the object : By.name: state
2019-06-11 13:26:08.842 [      main]INFO                           - Entering the value : 500068.0 into the object : By.name: postcode
2019-06-11 13:26:09.050 [      main]INFO                           - Entering the value : India into the object : By.name: country
2019-06-11 13:26:09.240 [      main]TRACE                          - Completed the method : enter_employee_details
2019-06-11 13:26:31.884 [      main]TRACE                          - Completed the test case : CE_001_crm_CreateANewCompany
2019-06-11 13:26:32.425 [      main]TRACE                          - Execution has been completed.
