2019-06-06 21:16:48.469 [      main]TRACE                          - Initializing the log file in before suit.
2019-06-06 21:16:48.515 [      main]TRACE                          - beforeTest annotation is being executed for the test : Default test
2019-06-06 21:16:48.570 [      main]TRACE                          - Enviroment taken as : qa
2019-06-06 21:16:48.575 [      main]TRACE                          - Enviroment file taken  as : E:\Orange_Hrm_Project\sampleproject\Config\Config_qa.properties
2019-06-06 21:16:48.635 [      main]TRACE                          - Executing the test case : AL_001_DashBoard_Assign_Leave
2019-06-06 21:16:48.680 [      main]TRACE                          - Entering into the method launchApplication with browser : chromeurl : https://opensource-demo.orangehrmlive.com
2019-06-06 21:17:01.640 [      main]INFO                           - browser launched.
2019-06-06 21:17:07.741 [      main]INFO                           - navigated to https://opensource-demo.orangehrmlive.com
2019-06-06 21:17:07.741 [      main]INFO                           - verifying application launch is success or not.
2019-06-06 21:17:08.801 [      main]TRACE                          - Launch Application is executed successfully.
2019-06-06 21:17:08.822 [      main]TRACE                          - Executing Business Flow For: AL_001_DashBoard_Assign_Leave
2019-06-06 21:17:08.871 [      main]TRACE                          - Entering into the Getting Workbook
2019-06-06 21:17:15.204 [      main]INFO                           - Succesfully found File: E:\Orange_Hrm_Project\sampleproject\TestData\pim.xlsx
2019-06-06 21:17:15.205 [      main]INFO                           - File Exist
2019-06-06 21:17:15.206 [      main]TRACE                          - Succesfully get the Workbook Data
2019-06-06 21:17:15.286 [      main]INFO                           - Entering the value : admin into the object : By.xpath: //input[@id='txtUsername']
2019-06-06 21:17:15.780 [      main]INFO                           - Entering the value : admin123 into the object : By.id: txtPassword
2019-06-06 21:17:22.271 [      main]TRACE                          - Navigating to the assign Leave Page
2019-06-06 21:17:25.315 [      main]INFO                           - Succesfully Navigated to the Assign Leave 
2019-06-06 21:17:25.315 [      main]TRACE                          - Entering Leave Details
2019-06-06 21:17:25.316 [      main]INFO                           - Entering the value : Linda Anderson into the object : By.id: assignleave_txtEmployee_empName
2019-06-06 21:17:30.140 [      main]TRACE                          - Select Calendar with date : 23-06-2019
2019-06-06 21:17:38.935 [      main]TRACE                          - Date has been selected successfully.
2019-06-06 21:17:39.479 [      main]TRACE                          - Select Calendar with date : 25-06-2019
2019-06-06 21:17:48.415 [      main]TRACE                          - Date has been selected successfully.
2019-06-06 21:18:09.858 [      main]TRACE                          - Completed the test case : AL_001_DashBoard_Assign_Leave
2019-06-06 21:18:16.478 [      main]TRACE                          - Execution has been completed.
