2019-06-05 12:49:54.944 [      main]TRACE                          - Initializing the log file in before suit.
2019-06-05 12:49:54.968 [      main]TRACE                          - beforeTest annotation is being executed for the test : Default test
2019-06-05 12:49:55.031 [      main]TRACE                          - Enviroment taken as : qa
2019-06-05 12:49:55.031 [      main]TRACE                          - Enviroment file taken  as : E:\Orange_Hrm_Project\sampleproject\Config\Config_qa.properties
2019-06-05 12:49:55.082 [      main]TRACE                          - Executing the test case : RE_002_Rectruitment_Job_Vacancy
2019-06-05 12:49:55.107 [      main]TRACE                          - Entering into the method launchApplication with browser : chromeurl : https://opensource-demo.orangehrmlive.com
2019-06-05 12:50:06.393 [      main]INFO                           - browser launched.
2019-06-05 12:50:12.395 [      main]INFO                           - navigated to https://opensource-demo.orangehrmlive.com
2019-06-05 12:50:12.396 [      main]INFO                           - verifying application launch is success or not.
2019-06-05 12:50:13.482 [      main]TRACE                          - Launch Application is executed successfully.
2019-06-05 12:50:13.497 [      main]TRACE                          - Executing Business Flow For: 001_Rectruitment_Job_Vacancy
2019-06-05 12:50:13.511 [      main]TRACE                          - Entering into the Getting Workbook
2019-06-05 12:50:16.926 [      main]INFO                           - Succesfully found File: E:\Orange_Hrm_Project\sampleproject\TestData.\pim.xlsx
2019-06-05 12:50:16.927 [      main]INFO                           - File Exist
2019-06-05 12:50:16.927 [      main]TRACE                          - Succesfully get the Workbook Data
2019-06-05 12:50:16.981 [      main]INFO                           - Entering the value : admin into the object : By.xpath: //input[@id='txtUsername']
2019-06-05 12:50:17.741 [      main]INFO                           - Entering the value : admin123 into the object : By.id: txtPassword
2019-06-05 12:50:24.472 [      main]TRACE                          - Entering into the Recruitment Page
2019-06-05 12:50:27.228 [      main]INFO                           - Clicking on Job Vacancies 
2019-06-05 12:50:30.148 [      main]INFO                           - Succesfully Clicked on Vacancy List and Add Link
2019-06-05 12:50:30.303 [      main]INFO                           - succesfully Navigated to the Job Vacancy Page
2019-06-05 12:50:30.304 [      main]INFO                           - Navigating into the Vacancy Job List
2019-06-05 12:50:30.396 [      main]INFO                           - Entering into the Method: Entering_Job_Vacancy_Details
2019-06-05 12:50:31.357 [      main]INFO                           - Entering the value : selenium into the object : By.id: addJobVacancy_name
2019-06-05 12:50:31.818 [      main]INFO                           - Entering the value : Sally May into the object : By.id: addJobVacancy_hiringManager
2019-06-05 12:50:33.098 [      main]INFO                           - Entering the value : 2 into the object : By.id: addJobVacancy_noOfPositions
2019-06-05 12:50:33.557 [      main]INFO                           - Entering the value : selenium and manual testing experinece into the object : By.id: addJobVacancy_description
2019-06-05 12:50:35.507 [      main]TRACE                          - Completed the test case : RE_002_Rectruitment_Job_Vacancy
2019-06-05 12:50:39.723 [      main]TRACE                          - Execution has been completed.
