2019-06-25 10:09:49.934 [      main]TRACE                          - Initializing the log file in before suit.
2019-06-25 10:09:49.954 [      main]TRACE                          - beforeTest annotation is being executed for the test : Default test
2019-06-25 10:09:49.954 [      main]TRACE                          - Enviroment taken as : qa
2019-06-25 10:09:49.954 [      main]TRACE                          - Enviroment file taken  as : F:\Dummy\sampleproject\Config\Config_qa.properties
2019-06-25 10:09:49.985 [      main]TRACE                          - Executing the test case : CE_001_crm_CreateANewCompany
2019-06-25 10:09:50.001 [      main]TRACE                          - Entering into the method launchApplication with browser : chromeurl : https://www.crmpro.com/index.html
2019-06-25 10:09:53.255 [      main]INFO                           - browser launched.
2019-06-25 10:10:00.805 [      main]INFO                           - navigated to https://www.crmpro.com/index.html
2019-06-25 10:10:00.806 [      main]INFO                           - verifying application launch is success or not.
2019-06-25 10:10:01.462 [      main]TRACE                          - Launch Application is executed successfully.
2019-06-25 10:10:01.470 [      main]INFO                           - Executing the business flow for : CE_001_crm_CreateANewCompany
2019-06-25 10:10:01.475 [      main]TRACE                          - Entering into the Getting Workbook
2019-06-25 10:10:02.471 [      main]INFO                           - Succesfully found File: F:\Dummy\sampleproject\TestData\company.xlsx
2019-06-25 10:10:02.472 [      main]INFO                           - File Exist
2019-06-25 10:10:02.472 [      main]TRACE                          - Succesfully get the Workbook Data
2019-06-25 10:10:02.490 [      main]INFO                           - Entering the value : sathyamsekhar493 into the object : By.name: username
2019-06-25 10:10:02.860 [      main]INFO                           - Entering the value : soma1995 into the object : By.name: password
2019-06-25 10:10:10.843 [      main]TRACE                          - Entering into method : enter_employee_details
2019-06-25 10:10:10.843 [      main]INFO                           - Entering the value : Test into the object : By.id: company_name
2019-06-25 10:10:11.023 [      main]INFO                           - Entering the value : IT into the object : By.name: industry
2019-06-25 10:10:11.168 [      main]INFO                           - Entering the value : 600000 into the object : By.id: annual_revenue
2019-06-25 10:10:11.365 [      main]INFO                           - Entering the value : 50 into the object : By.id: num_of_employees
2019-06-25 10:10:11.532 [      main]INFO                           - Entering the value : 9874562310 into the object : By.name: phone
2019-06-25 10:10:12.546 [      main]INFO                           - Entering the value : test@it.com into the object : By.id: email
2019-06-25 10:10:12.777 [      main]TRACE                          - Completed the method : enter_employee_details
2019-06-25 10:10:15.400 [      main]TRACE                          - Completed the test case : CE_001_crm_CreateANewCompany
2019-06-25 10:10:16.021 [      main]TRACE                          - Execution has been completed.
