2019-06-11 15:46:46.761 [      main]TRACE                          - Initializing the log file in before suit.
2019-06-11 15:46:46.769 [      main]TRACE                          - beforeTest annotation is being executed for the test : ChromeTest
2019-06-11 15:46:46.769 [      main]TRACE                          - Enviroment taken as : qa
2019-06-11 15:46:46.769 [      main]TRACE                          - Enviroment file taken  as : F:\Dummy\sampleproject\Config\Config_qa.properties
2019-06-11 15:46:46.785 [      main]TRACE                          - Executing the test case : CE_001_crm_CreateANewCompany
2019-06-11 15:46:46.800 [      main]TRACE                          - Entering into the method launchApplication with browser : chromeurl : https://www.crmpro.com/index.html
2019-06-11 15:46:54.949 [      main]INFO                           - browser launched.
2019-06-11 15:47:03.369 [      main]INFO                           - navigated to https://www.crmpro.com/index.html
2019-06-11 15:47:03.369 [      main]INFO                           - verifying application launch is success or not.
2019-06-11 15:47:04.890 [      main]TRACE                          - Launch Application is executed successfully.
2019-06-11 15:47:04.893 [      main]INFO                           - Executing the business flow for : CE_001_crm_CreateANewCompany
2019-06-11 15:47:05.190 [      main]TRACE                          - Entering into the Getting Workbook
2019-06-11 15:47:12.944 [      main]INFO                           - Succesfully found File: F:\Dummy\sampleproject\TestData\company.xlsx
2019-06-11 15:47:12.948 [      main]INFO                           - File Exist
2019-06-11 15:47:12.948 [      main]TRACE                          - Succesfully get the Workbook Data
2019-06-11 15:47:13.010 [      main]INFO                           - Entering the value : sathyamsekhar493 into the object : By.name: username
2019-06-11 15:47:13.439 [      main]INFO                           - Entering the value : soma1995 into the object : By.name: password
2019-06-11 15:47:27.994 [      main]TRACE                          - Entering into method : enter_employee_details
2019-06-11 15:47:27.998 [      main]INFO                           - Entering the value : Test into the object : By.id: company_name
2019-06-11 15:47:28.286 [      main]INFO                           - Entering the value : IT into the object : By.name: industry
2019-06-11 15:47:28.434 [      main]INFO                           - Entering the value : 600000 into the object : By.id: annual_revenue
2019-06-11 15:47:28.634 [      main]INFO                           - Entering the value : 50 into the object : By.id: num_of_employees
2019-06-11 15:47:28.800 [      main]INFO                           - Entering the value : 9874562310 into the object : By.name: phone
2019-06-11 15:47:29.994 [      main]INFO                           - Entering the value : test@it.com into the object : By.id: email
2019-06-11 15:47:30.235 [      main]INFO                           - Entering the value : Home into the object : By.name: address_title
2019-06-11 15:47:30.600 [      main]INFO                           - Entering the value : h no 49-1a-254, aicobo nagar into the object : By.name: address
2019-06-11 15:47:30.977 [      main]INFO                           - Entering the value : banglore into the object : By.name: city
2019-06-11 15:47:31.183 [      main]INFO                           - Entering the value : karnataka into the object : By.name: state
2019-06-11 15:47:31.414 [      main]INFO                           - Entering the value : 500068 into the object : By.name: postcode
2019-06-11 15:47:31.591 [      main]INFO                           - Entering the value : India into the object : By.name: country
2019-06-11 15:47:31.758 [      main]TRACE                          - Completed the method : enter_employee_details
2019-06-11 15:47:54.725 [      main]TRACE                          - Completed the test case : CE_001_crm_CreateANewCompany
2019-06-11 15:47:55.370 [      main]TRACE                          - Execution has been completed.
