2019-06-06 21:46:48.211 [      main]TRACE                          - Initializing the log file in before suit.
2019-06-06 21:46:48.243 [      main]TRACE                          - beforeTest annotation is being executed for the test : Default test
2019-06-06 21:46:48.282 [      main]TRACE                          - Enviroment taken as : qa
2019-06-06 21:46:48.283 [      main]TRACE                          - Enviroment file taken  as : E:\Orange_Hrm_Project\sampleproject\Config\Config_qa.properties
2019-06-06 21:46:48.347 [      main]TRACE                          - Executing the test case : AL_001_DashBoard_Assign_Leave
2019-06-06 21:46:48.363 [      main]TRACE                          - Entering into the method launchApplication with browser : chromeurl : https://opensource-demo.orangehrmlive.com
2019-06-06 21:46:56.990 [      main]INFO                           - browser launched.
2019-06-06 21:47:02.854 [      main]INFO                           - navigated to https://opensource-demo.orangehrmlive.com
2019-06-06 21:47:02.855 [      main]INFO                           - verifying application launch is success or not.
2019-06-06 21:47:03.716 [      main]TRACE                          - Launch Application is executed successfully.
2019-06-06 21:47:03.735 [      main]TRACE                          - Executing Business Flow For: AL_001_DashBoard_Assign_Leave
2019-06-06 21:47:03.747 [      main]TRACE                          - Entering into the Getting Workbook
2019-06-06 21:47:05.975 [      main]INFO                           - Succesfully found File: E:\Orange_Hrm_Project\sampleproject\TestData\pim.xlsx
2019-06-06 21:47:05.975 [      main]INFO                           - File Exist
2019-06-06 21:47:05.976 [      main]TRACE                          - Succesfully get the Workbook Data
2019-06-06 21:47:06.010 [      main]INFO                           - Entering the value : admin into the object : By.xpath: //input[@id='txtUsername']
2019-06-06 21:47:06.446 [      main]INFO                           - Entering the value : admin123 into the object : By.id: txtPassword
2019-06-06 21:47:13.940 [      main]TRACE                          - Navigating to the assign Leave Page
2019-06-06 21:47:15.689 [      main]INFO                           - Succesfully Navigated to the Assign Leave 
2019-06-06 21:47:15.690 [      main]TRACE                          - Entering Leave Details
2019-06-06 21:47:15.691 [      main]INFO                           - Entering the value : Linda Anderson into the object : By.id: assignleave_txtEmployee_empName
2019-06-06 21:47:17.965 [      main]TRACE                          - Select Calendar with date : 23-06-2019
2019-06-06 21:47:25.900 [      main]TRACE                          - Date has been selected successfully.
2019-06-06 21:47:26.335 [      main]TRACE                          - Select Calendar with date : 25-06-2019
2019-06-06 21:47:33.996 [      main]TRACE                          - Date has been selected successfully.
2019-06-06 21:47:55.409 [      main]TRACE                          - Completed the test case : AL_001_DashBoard_Assign_Leave
2019-06-06 21:48:00.174 [      main]TRACE                          - Execution has been completed.
