2019-06-05 18:58:00.000 [      main]TRACE                          - Initializing the log file in before suit.
2019-06-05 18:58:00.042 [      main]TRACE                          - beforeTest annotation is being executed for the test : Default test
2019-06-05 18:58:00.082 [      main]TRACE                          - Enviroment taken as : qa
2019-06-05 18:58:00.082 [      main]TRACE                          - Enviroment file taken  as : E:\Orange_Hrm_Project\sampleproject\Config\Config_qa.properties
2019-06-05 18:58:00.114 [      main]TRACE                          - Executing the test case : AL_001_DashBoard_Assign_Leave
2019-06-05 18:58:00.138 [      main]TRACE                          - Entering into the method launchApplication with browser : chromeurl : https://opensource-demo.orangehrmlive.com
2019-06-05 18:58:12.025 [      main]INFO                           - browser launched.
2019-06-05 18:58:17.045 [      main]INFO                           - navigated to https://opensource-demo.orangehrmlive.com
2019-06-05 18:58:17.045 [      main]INFO                           - verifying application launch is success or not.
2019-06-05 18:58:18.088 [      main]TRACE                          - Launch Application is executed successfully.
2019-06-05 18:58:18.109 [      main]TRACE                          - Executing Business Flow For: AL_001_DashBoard_Assign_Leave
2019-06-05 18:58:18.140 [      main]TRACE                          - Entering into the Getting Workbook
2019-06-05 18:58:22.078 [      main]INFO                           - Succesfully found File: E:\Orange_Hrm_Project\sampleproject\TestData\pim.xlsx
2019-06-05 18:58:22.080 [      main]INFO                           - File Exist
2019-06-05 18:58:22.081 [      main]TRACE                          - Succesfully get the Workbook Data
2019-06-05 18:58:22.141 [      main]INFO                           - Entering the value : admin into the object : By.xpath: //input[@id='txtUsername']
2019-06-05 18:58:22.689 [      main]INFO                           - Entering the value : admin123 into the object : By.id: txtPassword
2019-06-05 18:58:28.948 [      main]TRACE                          - Navigating to The Dashboard Page
2019-06-05 18:58:28.984 [      main]TRACE                          - Completed the test case : AL_001_DashBoard_Assign_Leave
2019-06-05 18:58:32.645 [      main]TRACE                          - Execution has been completed.
