2019-06-04 22:09:19.190 [      main]TRACE                          - Initializing the log file in before suit.
2019-06-04 22:09:19.224 [      main]TRACE                          - beforeTest annotation is being executed for the test : Default test
2019-06-04 22:09:19.250 [      main]TRACE                          - Enviroment taken as : qa
2019-06-04 22:09:19.251 [      main]TRACE                          - Enviroment file taken  as : E:\Orange_Hrm_Project\sampleproject\Config\Config_qa.properties
2019-06-04 22:09:19.297 [      main]TRACE                          - Executing the test case : RE_001_Rectruitment_Add_Candidate
2019-06-04 22:09:19.311 [      main]TRACE                          - Entering into the method launchApplication with browser : chromeurl : https://opensource-demo.orangehrmlive.com
2019-06-04 22:09:29.972 [      main]INFO                           - browser launched.
2019-06-04 22:09:36.506 [      main]INFO                           - navigated to https://opensource-demo.orangehrmlive.com
2019-06-04 22:09:36.507 [      main]INFO                           - verifying application launch is success or not.
2019-06-04 22:09:37.409 [      main]TRACE                          - Launch Application is executed successfully.
2019-06-04 22:09:37.424 [      main]TRACE                          - Executing Business Flow for: RE_001_Rectruitment_Add_Candidate
2019-06-04 22:09:37.429 [      main]TRACE                          - Entering into the Getting Workbook
2019-06-04 22:09:39.470 [      main]INFO                           - Succesfully found File: E:\Orange_Hrm_Project\sampleproject\TestData\pim.xlsx
2019-06-04 22:09:39.471 [      main]INFO                           - File Exist
2019-06-04 22:09:39.471 [      main]TRACE                          - Succesfully get the Workbook Data
2019-06-04 22:09:39.508 [      main]INFO                           - Entering the value : admin into the object : By.xpath: //input[@id='txtUsername']
2019-06-04 22:09:39.989 [      main]INFO                           - Entering the value : admin123 into the object : By.id: txtPassword
2019-06-04 22:09:46.609 [      main]TRACE                          - Entering into the Recruitment Page
2019-06-04 22:09:50.579 [      main]TRACE                          - Clicking on Add Candidate Link
2019-06-04 22:09:52.027 [      main]TRACE                          - Clicked on Add Link
2019-06-04 22:09:52.027 [      main]TRACE                          - Succesfully Navigated to Add Candidate Page
2019-06-04 22:09:52.151 [      main]INFO                           - Entering into the method :  Entering_Candidate_Details
2019-06-04 22:09:52.155 [      main]INFO                           - Entering the value : SAIKIRAN into the object : By.id: addCandidate_firstName
2019-06-04 22:09:53.278 [      main]INFO                           - Entering the value : KIRAN into the object : By.id: addCandidate_lastName
2019-06-04 22:09:53.750 [      main]INFO                           - Entering the value : SAIKIRAN.123@GMAIL.COM into the object : By.id: addCandidate_email
2019-06-04 22:09:54.625 [      main]INFO                           - Entering the value : 123.0 into the object : By.id: addCandidate_contactNo
2019-06-04 22:09:55.159 [      main]INFO                           - Entering the value : SELENIUM into the object : By.id: addCandidate_keyWords
2019-06-04 22:09:55.946 [      main]TRACE                          - entered into method : selectCheckbox and locator taken as By.id: addCandidate_consentToKeepData
2019-06-04 22:09:57.695 [      main]TRACE                          - Completed the test case : RE_001_Rectruitment_Add_Candidate
2019-06-04 22:10:01.385 [      main]TRACE                          - Execution has been completed.
