2019-06-11 13:59:39.400 [      main]TRACE                          - Initializing the log file in before suit.
2019-06-11 13:59:39.411 [      main]TRACE                          - beforeTest annotation is being executed for the test : ChromeTest
2019-06-11 13:59:39.411 [      main]TRACE                          - Enviroment taken as : qa
2019-06-11 13:59:39.411 [      main]TRACE                          - Enviroment file taken  as : F:\Dummy\sampleproject\Config\Config_qa.properties
2019-06-11 13:59:39.442 [      main]TRACE                          - Executing the test case : CE_001_crm_CreateANewCompany
2019-06-11 13:59:39.458 [      main]TRACE                          - Entering into the method launchApplication with browser : chromeurl : https://www.crmpro.com/index.html
2019-06-11 13:59:44.477 [      main]INFO                           - browser launched.
2019-06-11 13:59:50.904 [      main]INFO                           - navigated to https://www.crmpro.com/index.html
2019-06-11 13:59:50.904 [      main]INFO                           - verifying application launch is success or not.
2019-06-11 13:59:51.396 [      main]TRACE                          - Launch Application is executed successfully.
2019-06-11 13:59:51.403 [      main]INFO                           - Executing the business flow for : CE_001_crm_CreateANewCompany
2019-06-11 13:59:51.405 [      main]TRACE                          - Entering into the Getting Workbook
2019-06-11 13:59:52.367 [      main]INFO                           - Succesfully found File: F:\Dummy\sampleproject\TestData\company.xlsx
2019-06-11 13:59:52.367 [      main]INFO                           - File Exist
2019-06-11 13:59:52.368 [      main]TRACE                          - Succesfully get the Workbook Data
2019-06-11 13:59:52.418 [      main]INFO                           - Entering the value : sathyamsekhar493 into the object : By.name: username
2019-06-11 13:59:52.873 [      main]INFO                           - Entering the value : soma1995 into the object : By.name: password
2019-06-11 13:59:59.736 [      main]TRACE                          - Entering into method : enter_employee_details
2019-06-11 13:59:59.736 [      main]INFO                           - Entering the value : Test into the object : By.id: company_name
2019-06-11 13:59:59.920 [      main]INFO                           - Entering the value : IT into the object : By.name: industry
2019-06-11 14:00:00.081 [      main]INFO                           - Entering the value : 60000 into the object : By.id: annual_revenue
2019-06-11 14:00:00.257 [      main]INFO                           - Entering the value : 50 into the object : By.id: num_of_employees
2019-06-11 14:00:00.397 [      main]INFO                           - Entering the value : 9874562310 into the object : By.name: phone
2019-06-11 14:00:01.344 [      main]INFO                           - Entering the value : test@it.com into the object : By.id: email
2019-06-11 14:00:01.559 [      main]INFO                           - Entering the value : Home into the object : By.name: address_title
2019-06-11 14:00:01.903 [      main]INFO                           - Entering the value : h no 49-1a-254, aicobo nagar into the object : By.name: address
2019-06-11 14:00:02.169 [      main]INFO                           - Entering the value : banglore into the object : By.name: city
2019-06-11 14:00:02.382 [      main]INFO                           - Entering the value : karnataka into the object : By.name: state
2019-06-11 14:00:02.599 [      main]INFO                           - Entering the value : 500068 into the object : By.name: postcode
2019-06-11 14:00:02.778 [      main]INFO                           - Entering the value : India into the object : By.name: country
2019-06-11 14:00:02.944 [      main]TRACE                          - Completed the method : enter_employee_details
2019-06-11 14:00:25.366 [      main]TRACE                          - Completed the test case : CE_001_crm_CreateANewCompany
2019-06-11 14:00:25.928 [      main]TRACE                          - Execution has been completed.
