2019-06-04 22:57:45.901 [      main]TRACE                          - Initializing the log file in before suit.
2019-06-04 22:57:45.950 [      main]TRACE                          - beforeTest annotation is being executed for the test : Default test
2019-06-04 22:57:46.012 [      main]TRACE                          - Enviroment taken as : qa
2019-06-04 22:57:46.012 [      main]TRACE                          - Enviroment file taken  as : E:\Orange_Hrm_Project\sampleproject\Config\Config_qa.properties
2019-06-04 22:57:46.168 [      main]TRACE                          - Executing the test case : RE_001_Rectruitment_Add_Candidate
2019-06-04 22:57:46.246 [      main]TRACE                          - Entering into the method launchApplication with browser : chromeurl : https://opensource-demo.orangehrmlive.com
2019-06-04 22:58:00.878 [      main]INFO                           - browser launched.
2019-06-04 22:58:12.713 [      main]INFO                           - navigated to https://opensource-demo.orangehrmlive.com
2019-06-04 22:58:12.713 [      main]INFO                           - verifying application launch is success or not.
2019-06-04 22:58:13.823 [      main]TRACE                          - Launch Application is executed successfully.
2019-06-04 22:58:13.838 [      main]TRACE                          - Executing Business Flow for: RE_001_Rectruitment_Add_Candidate
2019-06-04 22:58:14.072 [      main]TRACE                          - Entering into the Getting Workbook
2019-06-04 22:58:18.507 [      main]INFO                           - Succesfully found File: E:\Orange_Hrm_Project\sampleproject\TestData\pim.xlsx
2019-06-04 22:58:18.508 [      main]INFO                           - File Exist
2019-06-04 22:58:18.508 [      main]TRACE                          - Succesfully get the Workbook Data
2019-06-04 22:58:18.925 [      main]INFO                           - Entering the value : admin into the object : By.xpath: //input[@id='txtUsername']
2019-06-04 22:58:20.401 [      main]INFO                           - Entering the value : admin123 into the object : By.id: txtPassword
2019-06-04 22:58:28.392 [      main]TRACE                          - Entering into the Recruitment Page
2019-06-04 22:58:32.386 [      main]TRACE                          - Clicking on Add Candidate Link
2019-06-04 22:58:34.574 [      main]TRACE                          - Clicked on Add Link
2019-06-04 22:58:34.575 [      main]TRACE                          - Succesfully Navigated to Add Candidate Page
2019-06-04 22:58:34.706 [      main]INFO                           - Entering into the method :  Entering_Candidate_Details
2019-06-04 22:58:34.708 [      main]INFO                           - Entering the value : SAIKIRAN into the object : By.id: addCandidate_firstName
2019-06-04 22:58:35.649 [      main]INFO                           - Entering the value : KIRAN into the object : By.id: addCandidate_lastName
2019-06-04 22:58:36.199 [      main]INFO                           - Entering the value : SAIKIRAN.123@GMAIL.COM into the object : By.id: addCandidate_email
2019-06-04 22:58:37.087 [      main]INFO                           - Entering the value : 123.0 into the object : By.id: addCandidate_contactNo
2019-06-04 22:58:37.595 [      main]INFO                           - Entering the value : SELENIUM into the object : By.id: addCandidate_keyWords
2019-06-04 22:58:38.291 [      main]TRACE                          - entered into method : selectCheckbox and locator taken as By.id: addCandidate_consentToKeepData
2019-06-04 22:58:39.445 [      main]TRACE                          - Completed the test case : RE_001_Rectruitment_Add_Candidate
2019-06-04 22:58:46.207 [      main]TRACE                          - Execution has been completed.
